0 verbose cli C:\Program Files\nodejs\node.exe C:\Program Files\nodejs\node_modules\npm\bin\npm-cli.js
1 info using npm@11.6.2
2 info using node@v24.12.0
3 silly config load:file:C:\Program Files\nodejs\node_modules\npm\npmrc
4 silly config load:file:D:\New folder\SPDATA\frontend\.npmrc
5 silly config load:file:C:\Users\admin\.npmrc
6 silly config load:file:C:\Users\admin\AppData\Roaming\npm\etc\npmrc
7 verbose title npm install lucide-react
8 verbose argv "install" "lucide-react"
9 verbose logfile logs-max:10 dir:D:\New folder\SPDATA\frontend\npm-cache\_logs\2026-04-08T05_38_16_951Z-
10 verbose logfile D:\New folder\SPDATA\frontend\npm-cache\_logs\2026-04-08T05_38_16_951Z-debug-0.log
11 silly logfile start cleaning logs, removing 3 files
12 silly packumentCache heap:2348810240 maxSize:587202560 maxEntrySize:293601280
13 silly idealTree buildDeps
14 silly fetch manifest lucide-react@*
15 silly packumentCache full:https://registry.npmjs.org/lucide-react cache-miss
16 silly logfile done cleaning log files
17 http fetch GET 200 https://registry.npmjs.org/lucide-react 532ms (cache miss)
18 silly packumentCache full:https://registry.npmjs.org/lucide-react set size:undefined disposed:false
19 silly fetch manifest react@^19.0.0
20 silly packumentCache full:https://registry.npmjs.org/react cache-miss
21 http fetch GET 200 https://registry.npmjs.org/react 108ms (cache revalidated)
22 silly packumentCache full:https://registry.npmjs.org/react set size:6585005 disposed:false
23 silly placeDep ROOT lucide-react@1.7.0 OK for: frontend@0.1.0 want: *
24 silly reify moves {}
25 silly audit bulk request {
25 silly audit   '@alloc/quick-lru': [ '5.2.0' ],
25 silly audit   '@emnapi/core': [ '1.8.1' ],
25 silly audit   '@emnapi/runtime': [ '1.8.1' ],
25 silly audit   '@emnapi/wasi-threads': [ '1.1.0' ],
25 silly audit   '@eslint-community/eslint-utils': [ '4.9.1' ],
25 silly audit   'eslint-visitor-keys': [ '3.4.3', '5.0.1', '4.2.1' ],
25 silly audit   '@eslint-community/regexpp': [ '4.12.2' ],
25 silly audit   '@eslint/config-array': [ '0.21.1' ],
25 silly audit   '@eslint/config-helpers': [ '0.4.2' ],
25 silly audit   '@eslint/core': [ '0.17.0' ],
25 silly audit   '@eslint/eslintrc': [ '3.3.3' ],
25 silly audit   '@eslint/js': [ '9.39.2' ],
25 silly audit   '@eslint/object-schema': [ '2.1.7' ],
25 silly audit   '@eslint/plugin-kit': [ '0.4.1' ],
25 silly audit   '@humanfs/core': [ '0.19.1' ],
25 silly audit   '@humanfs/node': [ '0.16.7' ],
25 silly audit   '@humanwhocodes/module-importer': [ '1.0.1' ],
25 silly audit   '@humanwhocodes/retry': [ '0.4.3' ],
25 silly audit   '@img/colour': [ '1.1.0' ],
25 silly audit   '@img/sharp-darwin-arm64': [ '0.34.5' ],
25 silly audit   '@img/sharp-darwin-x64': [ '0.34.5' ],
25 silly audit   '@img/sharp-libvips-darwin-arm64': [ '1.2.4' ],
25 silly audit   '@img/sharp-libvips-darwin-x64': [ '1.2.4' ],
25 silly audit   '@img/sharp-libvips-linux-arm': [ '1.2.4' ],
25 silly audit   '@img/sharp-libvips-linux-arm64': [ '1.2.4' ],
25 silly audit   '@img/sharp-libvips-linux-ppc64': [ '1.2.4' ],
25 silly audit   '@img/sharp-libvips-linux-riscv64': [ '1.2.4' ],
25 silly audit   '@img/sharp-libvips-linux-s390x': [ '1.2.4' ],
25 silly audit   '@img/sharp-libvips-linux-x64': [ '1.2.4' ],
25 silly audit   '@img/sharp-libvips-linuxmusl-arm64': [ '1.2.4' ],
25 silly audit   '@img/sharp-libvips-linuxmusl-x64': [ '1.2.4' ],
25 silly audit   '@img/sharp-linux-arm': [ '0.34.5' ],
25 silly audit   '@img/sharp-linux-arm64': [ '0.34.5' ],
25 silly audit   '@img/sharp-linux-ppc64': [ '0.34.5' ],
25 silly audit   '@img/sharp-linux-riscv64': [ '0.34.5' ],
25 silly audit   '@img/sharp-linux-s390x': [ '0.34.5' ],
25 silly audit   '@img/sharp-linux-x64': [ '0.34.5' ],
25 silly audit   '@img/sharp-linuxmusl-arm64': [ '0.34.5' ],
25 silly audit   '@img/sharp-linuxmusl-x64': [ '0.34.5' ],
25 silly audit   '@img/sharp-wasm32': [ '0.34.5' ],
25 silly audit   '@img/sharp-win32-arm64': [ '0.34.5' ],
25 silly audit   '@img/sharp-win32-ia32': [ '0.34.5' ],
25 silly audit   '@img/sharp-win32-x64': [ '0.34.5' ],
25 silly audit   '@jridgewell/gen-mapping': [ '0.3.13' ],
25 silly audit   '@jridgewell/remapping': [ '2.3.5' ],
25 silly audit   '@jridgewell/resolve-uri': [ '3.1.2' ],
25 silly audit   '@jridgewell/sourcemap-codec': [ '1.5.5' ],
25 silly audit   '@jridgewell/trace-mapping': [ '0.3.31' ],
25 silly audit   '@napi-rs/wasm-runtime': [ '0.2.12' ],
25 silly audit   '@next/env': [ '15.3.9' ],
25 silly audit   '@next/eslint-plugin-next': [ '15.3.9' ],
25 silly audit   '@next/swc-darwin-arm64': [ '15.3.5' ],
25 silly audit   '@next/swc-darwin-x64': [ '15.3.5' ],
25 silly audit   '@next/swc-linux-arm64-gnu': [ '15.3.5' ],
25 silly audit   '@next/swc-linux-arm64-musl': [ '15.3.5' ],
25 silly audit   '@next/swc-linux-x64-gnu': [ '15.3.5' ],
25 silly audit   '@next/swc-linux-x64-musl': [ '15.3.5' ],
25 silly audit   '@next/swc-win32-arm64-msvc': [ '15.3.5' ],
25 silly audit   '@next/swc-win32-x64-msvc': [ '15.3.5' ],
25 silly audit   '@nodelib/fs.scandir': [ '2.1.5' ],
25 silly audit   '@nodelib/fs.stat': [ '2.0.5' ],
25 silly audit   '@nodelib/fs.walk': [ '1.2.8' ],
25 silly audit   '@nolyfill/is-core-module': [ '1.0.39' ],
25 silly audit   '@rtsao/scc': [ '1.1.0' ],
25 silly audit   '@rushstack/eslint-patch': [ '1.16.1' ],
25 silly audit   '@swc/counter': [ '0.1.3' ],
25 silly audit   '@swc/helpers': [ '0.5.15' ],
25 silly audit   '@tailwindcss/node': [ '4.1.18' ],
25 silly audit   '@tailwindcss/oxide': [ '4.1.18' ],
25 silly audit   '@tailwindcss/oxide-android-arm64': [ '4.1.18' ],
25 silly audit   '@tailwindcss/oxide-darwin-arm64': [ '4.1.18' ],
25 silly audit   '@tailwindcss/oxide-darwin-x64': [ '4.1.18' ],
25 silly audit   '@tailwindcss/oxide-freebsd-x64': [ '4.1.18' ],
25 silly audit   '@tailwindcss/oxide-linux-arm-gnueabihf': [ '4.1.18' ],
25 silly audit   '@tailwindcss/oxide-linux-arm64-gnu': [ '4.1.18' ],
25 silly audit   '@tailwindcss/oxide-linux-arm64-musl': [ '4.1.18' ],
25 silly audit   '@tailwindcss/oxide-linux-x64-gnu': [ '4.1.18' ],
25 silly audit   '@tailwindcss/oxide-linux-x64-musl': [ '4.1.18' ],
25 silly audit   '@tailwindcss/oxide-wasm32-wasi': [ '4.1.18' ],
25 silly audit   '@tailwindcss/oxide-win32-arm64-msvc': [ '4.1.18' ],
25 silly audit   '@tailwindcss/oxide-win32-x64-msvc': [ '4.1.18' ],
25 silly audit   '@tailwindcss/postcss': [ '4.1.18' ],
25 silly audit   '@tybys/wasm-util': [ '0.10.1' ],
25 silly audit   '@types/estree': [ '1.0.8' ],
25 silly audit   '@types/json-schema': [ '7.0.15' ],
25 silly audit   '@types/json5': [ '0.0.29' ],
25 silly audit   '@types/node': [ '20.19.29' ],
25 silly audit   '@types/nodemailer': [ '8.0.0' ],
25 silly audit   '@types/qrcode': [ '1.5.6' ],
25 silly audit   '@types/react': [ '19.2.8' ],
25 silly audit   '@types/react-dom': [ '19.2.3' ],
25 silly audit   '@typescript-eslint/eslint-plugin': [ '8.58.0' ],
25 silly audit   ignore: [ '7.0.5', '5.3.2' ],
25 silly audit   '@typescript-eslint/parser': [ '8.58.0' ],
25 silly audit   '@typescript-eslint/project-service': [ '8.58.0' ],
25 silly audit   '@typescript-eslint/scope-manager': [ '8.58.0' ],
25 silly audit   '@typescript-eslint/tsconfig-utils': [ '8.58.0' ],
25 silly audit   '@typescript-eslint/type-utils': [ '8.58.0' ],
25 silly audit   '@typescript-eslint/types': [ '8.58.0' ],
25 silly audit   '@typescript-eslint/typescript-estree': [ '8.58.0' ],
25 silly audit   'balanced-match': [ '4.0.4', '1.0.2' ],
25 silly audit   'brace-expansion': [ '5.0.5', '1.1.12' ],
25 silly audit   minimatch: [ '10.2.5', '3.1.2' ],
25 silly audit   semver: [ '7.7.4', '7.7.3', '6.3.1' ],
25 silly audit   '@typescript-eslint/utils': [ '8.58.0' ],
25 silly audit   '@typescript-eslint/visitor-keys': [ '8.58.0' ],
25 silly audit   '@unrs/resolver-binding-android-arm-eabi': [ '1.11.1' ],
25 silly audit   '@unrs/resolver-binding-android-arm64': [ '1.11.1' ],
25 silly audit   '@unrs/resolver-binding-darwin-arm64': [ '1.11.1' ],
25 silly audit   '@unrs/resolver-binding-darwin-x64': [ '1.11.1' ],
25 silly audit   '@unrs/resolver-binding-freebsd-x64': [ '1.11.1' ],
25 silly audit   '@unrs/resolver-binding-linux-arm-gnueabihf': [ '1.11.1' ],
25 silly audit   '@unrs/resolver-binding-linux-arm-musleabihf': [ '1.11.1' ],
25 silly audit   '@unrs/resolver-binding-linux-arm64-gnu': [ '1.11.1' ],
25 silly audit   '@unrs/resolver-binding-linux-arm64-musl': [ '1.11.1' ],
25 silly audit   '@unrs/resolver-binding-linux-ppc64-gnu': [ '1.11.1' ],
25 silly audit   '@unrs/resolver-binding-linux-riscv64-gnu': [ '1.11.1' ],
25 silly audit   '@unrs/resolver-binding-linux-riscv64-musl': [ '1.11.1' ],
25 silly audit   '@unrs/resolver-binding-linux-s390x-gnu': [ '1.11.1' ],
25 silly audit   '@unrs/resolver-binding-linux-x64-gnu': [ '1.11.1' ],
25 silly audit   '@unrs/resolver-binding-linux-x64-musl': [ '1.11.1' ],
25 silly audit   '@unrs/resolver-binding-wasm32-wasi': [ '1.11.1' ],
25 silly audit   '@unrs/resolver-binding-win32-arm64-msvc': [ '1.11.1' ],
25 silly audit   '@unrs/resolver-binding-win32-ia32-msvc': [ '1.11.1' ],
25 silly audit   '@unrs/resolver-binding-win32-x64-msvc': [ '1.11.1' ],
25 silly audit   acorn: [ '8.15.0' ],
25 silly audit   'acorn-jsx': [ '5.3.2' ],
25 silly audit   ajv: [ '6.12.6' ],
25 silly audit   'ansi-regex': [ '5.0.1' ],
25 silly audit   'ansi-styles': [ '4.3.0' ],
25 silly audit   argparse: [ '2.0.1' ],
25 silly audit   'aria-query': [ '5.3.2' ],
25 silly audit   'array-buffer-byte-length': [ '1.0.2' ],
25 silly audit   'array-includes': [ '3.1.9' ],
25 silly audit   'array.prototype.findlast': [ '1.2.5' ],
25 silly audit   'array.prototype.findlastindex': [ '1.2.6' ],
25 silly audit   'array.prototype.flat': [ '1.3.3' ],
25 silly audit   'array.prototype.flatmap': [ '1.3.3' ],
25 silly audit   'array.prototype.tosorted': [ '1.1.4' ],
25 silly audit   'arraybuffer.prototype.slice': [ '1.0.4' ],
25 silly audit   'ast-types-flow': [ '0.0.8' ],
25 silly audit   'async-function': [ '1.0.0' ],
25 silly audit   'available-typed-arrays': [ '1.0.7' ],
25 silly audit   'axe-core': [ '4.11.1' ],
25 silly audit   'axobject-query': [ '4.1.0' ],
25 silly audit   braces: [ '3.0.3' ],
25 silly audit   busboy: [ '1.6.0' ],
25 silly audit   'call-bind': [ '1.0.8' ],
25 silly audit   'call-bind-apply-helpers': [ '1.0.2' ],
25 silly audit   'call-bound': [ '1.0.4' ],
25 silly audit   callsites: [ '3.1.0' ],
25 silly audit   camelcase: [ '5.3.1' ],
25 silly audit   'caniuse-lite': [ '1.0.30001764' ],
25 silly audit   chalk: [ '4.1.2' ],
25 silly audit   'client-only': [ '0.0.1' ],
25 silly audit   cliui: [ '6.0.0' ],
25 silly audit   'color-convert': [ '2.0.1' ],
25 silly audit   'color-name': [ '1.1.4' ],
25 silly audit   'concat-map': [ '0.0.1' ],
25 silly audit   'cross-spawn': [ '7.0.6' ],
25 silly audit   csstype: [ '3.2.3' ],
25 silly audit   'damerau-levenshtein': [ '1.0.8' ],
25 silly audit   'data-view-buffer': [ '1.0.2' ],
25 silly audit   'data-view-byte-length': [ '1.0.2' ],
25 silly audit   'data-view-byte-offset': [ '1.0.1' ],
25 silly audit   debug: [ '4.4.3', '3.2.7' ],
25 silly audit   decamelize: [ '1.2.0' ],
25 silly audit   'deep-is': [ '0.1.4' ],
25 silly audit   'define-data-property': [ '1.1.4' ],
25 silly audit   'define-properties': [ '1.2.1' ],
25 silly audit   'detect-libc': [ '2.1.2' ],
25 silly audit   dijkstrajs: [ '1.0.3' ],
25 silly audit   doctrine: [ '2.1.0' ],
25 silly audit   'dunder-proto': [ '1.0.1' ],
25 silly audit   'emoji-regex': [ '9.2.2', '8.0.0' ],
25 silly audit   'enhanced-resolve': [ '5.18.4' ],
25 silly audit   'es-abstract': [ '1.24.1' ],
25 silly audit   'es-define-property': [ '1.0.1' ],
25 silly audit   'es-errors': [ '1.3.0' ],
25 silly audit   'es-iterator-helpers': [ '1.2.2' ],
25 silly audit   'es-object-atoms': [ '1.1.1' ],
25 silly audit   'es-set-tostringtag': [ '2.1.0' ],
25 silly audit   'es-shim-unscopables': [ '1.1.0' ],
25 silly audit   'es-to-primitive': [ '1.3.0' ],
25 silly audit   'escape-string-regexp': [ '4.0.0' ],
25 silly audit   eslint: [ '9.39.2' ],
25 silly audit   'eslint-config-next': [ '15.3.9' ],
25 silly audit   'eslint-import-resolver-node': [ '0.3.9' ],
25 silly audit   'eslint-import-resolver-typescript': [ '3.10.1' ],
25 silly audit   'eslint-module-utils': [ '2.12.1' ],
25 silly audit   'eslint-plugin-import': [ '2.32.0' ],
25 silly audit   'eslint-plugin-jsx-a11y': [ '6.10.2' ],
25 silly audit   'eslint-plugin-react': [ '7.37.5' ],
25 silly audit   'eslint-plugin-react-hooks': [ '5.2.0' ],
25 silly audit   resolve: [ '2.0.0-next.5', '1.22.11' ],
25 silly audit   'eslint-scope': [ '8.4.0' ],
25 silly audit   espree: [ '10.4.0' ],
25 silly audit   esquery: [ '1.7.0' ],
25 silly audit   esrecurse: [ '4.3.0' ],
25 silly audit   estraverse: [ '5.3.0' ],
25 silly audit   esutils: [ '2.0.3' ],
25 silly audit   'fast-deep-equal': [ '3.1.3' ],
25 silly audit   'fast-glob': [ '3.3.1' ],
25 silly audit   'glob-parent': [ '5.1.2', '6.0.2' ],
25 silly audit   'fast-json-stable-stringify': [ '2.1.0' ],
25 silly audit   'fast-levenshtein': [ '2.0.6' ],
25 silly audit   fastq: [ '1.20.1' ],
25 silly audit   'file-entry-cache': [ '8.0.0' ],
25 silly audit   'fill-range': [ '7.1.1' ],
25 silly audit   'find-up': [ '5.0.0', '4.1.0' ],
25 silly audit   'flat-cache': [ '4.0.1' ],
25 silly audit   flatted: [ '3.3.3' ],
25 silly audit   'for-each': [ '0.3.5' ],
25 silly audit   'function-bind': [ '1.1.2' ],
25 silly audit   'function.prototype.name': [ '1.1.8' ],
25 silly audit   'functions-have-names': [ '1.2.3' ],
25 silly audit   'generator-function': [ '2.0.1' ],
25 silly audit   'get-caller-file': [ '2.0.5' ],
25 silly audit   'get-intrinsic': [ '1.3.0' ],
25 silly audit   'get-proto': [ '1.0.1' ],
25 silly audit   'get-symbol-description': [ '1.1.0' ],
25 silly audit   'get-tsconfig': [ '4.13.0' ],
25 silly audit   globals: [ '14.0.0' ],
25 silly audit   globalthis: [ '1.0.4' ],
25 silly audit   gopd: [ '1.2.0' ],
25 silly audit   'graceful-fs': [ '4.2.11' ],
25 silly audit   'has-bigints': [ '1.1.0' ],
25 silly audit   'has-flag': [ '4.0.0' ],
25 silly audit   'has-property-descriptors': [ '1.0.2' ],
25 silly audit   'has-proto': [ '1.2.0' ],
25 silly audit   'has-symbols': [ '1.1.0' ],
25 silly audit   'has-tostringtag': [ '1.0.2' ],
25 silly audit   hasown: [ '2.0.2' ],
25 silly audit   'import-fresh': [ '3.3.1' ],
25 silly audit   imurmurhash: [ '0.1.4' ],
25 silly audit   'internal-slot': [ '1.1.0' ],
25 silly audit   'is-array-buffer': [ '3.0.5' ],
25 silly audit   'is-async-function': [ '2.1.1' ],
25 silly audit   'is-bigint': [ '1.1.0' ],
25 silly audit   'is-boolean-object': [ '1.2.2' ],
25 silly audit   'is-bun-module': [ '2.0.0' ],
25 silly audit   'is-callable': [ '1.2.7' ],
25 silly audit   'is-core-module': [ '2.16.1' ],
25 silly audit   'is-data-view': [ '1.0.2' ],
25 silly audit   'is-date-object': [ '1.1.0' ],
25 silly audit   'is-extglob': [ '2.1.1' ],
25 silly audit   'is-finalizationregistry': [ '1.1.1' ],
25 silly audit   'is-fullwidth-code-point': [ '3.0.0' ],
25 silly audit   'is-generator-function': [ '1.1.2' ],
25 silly audit   'is-glob': [ '4.0.3' ],
25 silly audit   'is-map': [ '2.0.3' ],
25 silly audit   'is-negative-zero': [ '2.0.3' ],
25 silly audit   'is-number': [ '7.0.0' ],
25 silly audit   'is-number-object': [ '1.1.1' ],
25 silly audit   'is-regex': [ '1.2.1' ],
25 silly audit   'is-set': [ '2.0.3' ],
25 silly audit   'is-shared-array-buffer': [ '1.0.4' ],
25 silly audit   'is-string': [ '1.1.1' ],
25 silly audit   'is-symbol': [ '1.1.1' ],
25 silly audit   'is-typed-array': [ '1.1.15' ],
25 silly audit   'is-weakmap': [ '2.0.2' ],
25 silly audit   'is-weakref': [ '1.1.1' ],
25 silly audit   'is-weakset': [ '2.0.4' ],
25 silly audit   isarray: [ '2.0.5' ],
25 silly audit   isexe: [ '2.0.0' ],
25 silly audit   'iterator.prototype': [ '1.1.5' ],
25 silly audit   jiti: [ '2.6.1' ],
25 silly audit   'js-tokens': [ '4.0.0' ],
25 silly audit   'js-yaml': [ '4.1.1' ],
25 silly audit   'json-buffer': [ '3.0.1' ],
25 silly audit   'json-schema-traverse': [ '0.4.1' ],
25 silly audit   'json-stable-stringify-without-jsonify': [ '1.0.1' ],
25 silly audit   'jsx-ast-utils': [ '3.3.5' ],
25 silly audit   keyv: [ '4.5.4' ],
25 silly audit   'language-subtag-registry': [ '0.3.23' ],
25 silly audit   'language-tags': [ '1.0.9' ],
25 silly audit   levn: [ '0.4.1' ],
25 silly audit   lightningcss: [ '1.30.2' ],
25 silly audit   'lightningcss-android-arm64': [ '1.30.2' ],
25 silly audit   'lightningcss-darwin-arm64': [ '1.30.2' ],
25 silly audit   'lightningcss-darwin-x64': [ '1.30.2' ],
25 silly audit   'lightningcss-freebsd-x64': [ '1.30.2' ],
25 silly audit   'lightningcss-linux-arm-gnueabihf': [ '1.30.2' ],
25 silly audit   'lightningcss-linux-arm64-gnu': [ '1.30.2' ],
25 silly audit   'lightningcss-linux-arm64-musl': [ '1.30.2' ],
25 silly audit   'lightningcss-linux-x64-gnu': [ '1.30.2' ],
25 silly audit   'lightningcss-linux-x64-musl': [ '1.30.2' ],
25 silly audit   'lightningcss-win32-arm64-msvc': [ '1.30.2' ],
25 silly audit   'lightningcss-win32-x64-msvc': [ '1.30.2' ],
25 silly audit   'locate-path': [ '6.0.0', '5.0.0' ],
25 silly audit   'lodash.merge': [ '4.6.2' ],
25 silly audit   'loose-envify': [ '1.4.0' ],
25 silly audit   'magic-string': [ '0.30.21' ],
25 silly audit   'math-intrinsics': [ '1.1.0' ],
25 silly audit   merge2: [ '1.4.1' ],
25 silly audit   micromatch: [ '4.0.8' ],
25 silly audit   minimist: [ '1.2.8' ],
25 silly audit   ms: [ '2.1.3' ],
25 silly audit   nanoid: [ '3.3.11' ],
25 silly audit   'napi-postinstall': [ '0.3.4' ],
25 silly audit   'natural-compare': [ '1.4.0' ],
25 silly audit   next: [ '15.3.9' ],
25 silly audit   postcss: [ '8.4.31', '8.5.6' ],
25 silly audit   nodemailer: [ '6.10.1' ],
25 silly audit   'object-assign': [ '4.1.1' ],
25 silly audit   'object-inspect': [ '1.13.4' ],
25 silly audit   'object-keys': [ '1.1.1' ],
25 silly audit   'object.assign': [ '4.1.7' ],
25 silly audit   'object.entries': [ '1.1.9' ],
25 silly audit   'object.fromentries': [ '2.0.8' ],
25 silly audit   'object.groupby': [ '1.0.3' ],
25 silly audit   'object.values': [ '1.2.1' ],
25 silly audit   optionator: [ '0.9.4' ],
25 silly audit   'own-keys': [ '1.0.1' ],
25 silly audit   'p-limit': [ '3.1.0', '2.3.0' ],
25 silly audit   'p-locate': [ '5.0.0', '4.1.0' ],
25 silly audit   'p-try': [ '2.2.0' ],
25 silly audit   'parent-module': [ '1.0.1' ],
25 silly audit   'path-exists': [ '4.0.0' ],
25 silly audit   'path-key': [ '3.1.1' ],
25 silly audit   'path-parse': [ '1.0.7' ],
25 silly audit   picocolors: [ '1.1.1' ],
25 silly audit   picomatch: [ '2.3.2', '4.0.3' ],
25 silly audit   pngjs: [ '5.0.0' ],
25 silly audit   'possible-typed-array-names': [ '1.1.0' ],
25 silly audit   'prelude-ls': [ '1.2.1' ],
25 silly audit   'prop-types': [ '15.8.1' ],
25 silly audit   punycode: [ '2.3.1' ],
25 silly audit   qrcode: [ '1.5.4' ],
25 silly audit   'queue-microtask': [ '1.2.3' ],
25 silly audit   react: [ '19.2.3' ],
25 silly audit   'react-dom': [ '19.2.3' ],
25 silly audit   'react-is': [ '16.13.1' ],
25 silly audit   'reflect.getprototypeof': [ '1.0.10' ],
25 silly audit   'regexp.prototype.flags': [ '1.5.4' ],
25 silly audit   'require-directory': [ '2.1.1' ],
25 silly audit   'require-main-filename': [ '2.0.0' ],
25 silly audit   'resolve-from': [ '4.0.0' ],
25 silly audit   'resolve-pkg-maps': [ '1.0.0' ],
25 silly audit   reusify: [ '1.1.0' ],
25 silly audit   'run-parallel': [ '1.2.0' ],
25 silly audit   'safe-array-concat': [ '1.1.3' ],
25 silly audit   'safe-push-apply': [ '1.0.0' ],
25 silly audit   'safe-regex-test': [ '1.1.0' ],
25 silly audit   scheduler: [ '0.27.0' ],
25 silly audit   'set-blocking': [ '2.0.0' ],
25 silly audit   'set-function-length': [ '1.2.2' ],
25 silly audit   'set-function-name': [ '2.0.2' ],
25 silly audit   'set-proto': [ '1.0.0' ],
25 silly audit   sharp: [ '0.34.5' ],
25 silly audit   'shebang-command': [ '2.0.0' ],
25 silly audit   'shebang-regex': [ '3.0.0' ],
25 silly audit   'side-channel': [ '1.1.0' ],
25 silly audit   'side-channel-list': [ '1.0.0' ],
25 silly audit   'side-channel-map': [ '1.0.1' ],
25 silly audit   'side-channel-weakmap': [ '1.0.2' ],
25 silly audit   'source-map-js': [ '1.2.1' ],
25 silly audit   'stable-hash': [ '0.0.5' ],
25 silly audit   'stop-iteration-iterator': [ '1.1.0' ],
25 silly audit   streamsearch: [ '1.1.0' ],
25 silly audit   'string-width': [ '4.2.3' ],
25 silly audit   'string.prototype.includes': [ '2.0.1' ],
25 silly audit   'string.prototype.matchall': [ '4.0.12' ],
25 silly audit   'string.prototype.repeat': [ '1.0.0' ],
25 silly audit   'string.prototype.trim': [ '1.2.10' ],
25 silly audit   'string.prototype.trimend': [ '1.0.9' ],
25 silly audit   'string.prototype.trimstart': [ '1.0.8' ],
25 silly audit   'strip-ansi': [ '6.0.1' ],
25 silly audit   'strip-bom': [ '3.0.0' ],
25 silly audit   'strip-json-comments': [ '3.1.1' ],
25 silly audit   'styled-jsx': [ '5.1.6' ],
25 silly audit   'supports-color': [ '7.2.0' ],
25 silly audit   'supports-preserve-symlinks-flag': [ '1.0.0' ],
25 silly audit   tailwindcss: [ '4.1.18' ],
25 silly audit   tapable: [ '2.3.0' ],
25 silly audit   tinyglobby: [ '0.2.15' ],
25 silly audit   fdir: [ '6.5.0' ],
25 silly audit   'to-regex-range': [ '5.0.1' ],
25 silly audit   'ts-api-utils': [ '2.5.0' ],
25 silly audit   'tsconfig-paths': [ '3.15.0' ],
25 silly audit   json5: [ '1.0.2' ],
25 silly audit   tslib: [ '2.8.1' ],
25 silly audit   'type-check': [ '0.4.0' ],
25 silly audit   'typed-array-buffer': [ '1.0.3' ],
25 silly audit   'typed-array-byte-length': [ '1.0.3' ],
25 silly audit   'typed-array-byte-offset': [ '1.0.4' ],
25 silly audit   'typed-array-length': [ '1.0.7' ],
25 silly audit   typescript: [ '5.9.3' ],
25 silly audit   'unbox-primitive': [ '1.1.0' ],
25 silly audit   'undici-types': [ '6.21.0' ],
25 silly audit   'unrs-resolver': [ '1.11.1' ],
25 silly audit   'uri-js': [ '4.4.1' ],
25 silly audit   which: [ '2.0.2' ],
25 silly audit   'which-boxed-primitive': [ '1.1.1' ],
25 silly audit   'which-builtin-type': [ '1.2.1' ],
25 silly audit   'which-collection': [ '1.0.2' ],
25 silly audit   'which-module': [ '2.0.1' ],
25 silly audit   'which-typed-array': [ '1.1.20' ],
25 silly audit   whitenoise: [ '0.0.1' ],
25 silly audit   'word-wrap': [ '1.2.5' ],
25 silly audit   'wrap-ansi': [ '6.2.0' ],
25 silly audit   y18n: [ '4.0.3' ],
25 silly audit   yargs: [ '15.4.1' ],
25 silly audit   'yargs-parser': [ '18.1.3' ],
25 silly audit   'yocto-queue': [ '0.1.0' ],
25 silly audit   'lucide-react': [ '1.7.0' ]
25 silly audit }
26 http cache lucide-react@https://registry.npmjs.org/lucide-react/-/lucide-react-1.7.0.tgz 0ms (cache hit)
27 silly tarball no local data for lucide-react@https://registry.npmjs.org/lucide-react/-/lucide-react-1.7.0.tgz. Extracting by manifest.
28 http fetch POST 200 https://registry.npmjs.org/-/npm/v1/security/advisories/bulk 327ms
29 silly audit report {
29 silly audit report   'brace-expansion': [
29 silly audit report     {
29 silly audit report       id: 1115540,
29 silly audit report       url: 'https://github.com/advisories/GHSA-f886-m6hf-6m8v',
29 silly audit report       title: 'brace-expansion: Zero-step sequence causes process hang and memory exhaustion',
29 silly audit report       severity: 'moderate',
29 silly audit report       vulnerable_versions: '<1.1.13',
29 silly audit report       cwe: [Array],
29 silly audit report       cvss: [Object]
29 silly audit report     }
29 silly audit report   ],
29 silly audit report   minimatch: [
29 silly audit report     {
29 silly audit report       id: 1113459,
29 silly audit report       url: 'https://github.com/advisories/GHSA-3ppc-4f35-3m26',
29 silly audit report       title: 'minimatch has a ReDoS via repeated wildcards with non-matching literal in pattern',
29 silly audit report       severity: 'high',
29 silly audit report       vulnerable_versions: '<3.1.3',
29 silly audit report       cwe: [Array],
29 silly audit report       cvss: [Object]
29 silly audit report     },
29 silly audit report     {
29 silly audit report       id: 1113538,
29 silly audit report       url: 'https://github.com/advisories/GHSA-7r86-cg39-jmmj',
29 silly audit report       title: 'minimatch has ReDoS: matchOne() combinatorial backtracking via multiple non-adjacent GLOBSTAR segments',
29 silly audit report       severity: 'high',
29 silly audit report       vulnerable_versions: '<3.1.3',
29 silly audit report       cwe: [Array],
29 silly audit report       cvss: [Object]
29 silly audit report     },
29 silly audit report     {
29 silly audit report       id: 1113546,
29 silly audit report       url: 'https://github.com/advisories/GHSA-23c5-xmqv-rm74',
29 silly audit report       title: 'minimatch ReDoS: nested *() extglobs generate catastrophically backtracking regular expressions',
29 silly audit report       severity: 'high',
29 silly audit report       vulnerable_versions: '<3.1.4',
29 silly audit report       cwe: [Array],
29 silly audit report       cvss: [Object]
29 silly audit report     }
29 silly audit report   ],
29 silly audit report   ajv: [
29 silly audit report     {
29 silly audit report       id: 1113714,
29 silly audit report       url: 'https://github.com/advisories/GHSA-2g4f-4pwh-qvx6',
29 silly audit report       title: 'ajv has ReDoS when using `$data` option',
29 silly audit report       severity: 'moderate',
29 silly audit report       vulnerable_versions: '<6.14.0',
29 silly audit report       cwe: [Array],
29 silly audit report       cvss: [Object]
29 silly audit report     }
29 silly audit report   ],
29 silly audit report   flatted: [
29 silly audit report     {
29 silly audit report       id: 1114526,
29 silly audit report       url: 'https://github.com/advisories/GHSA-25h7-pfq9-p65f',
29 silly audit report       title: 'flatted vulnerable to unbounded recursion DoS in parse() revive phase',
29 silly audit report       severity: 'high',
29 silly audit report       vulnerable_versions: '<3.4.0',
29 silly audit report       cwe: [Array],
29 silly audit report       cvss: [Object]
29 silly audit report     },
29 silly audit report     {
29 silly audit report       id: 1115357,
29 silly audit report       url: 'https://github.com/advisories/GHSA-rf6f-7fwh-wjgh',
29 silly audit report       title: 'Prototype Pollution via parse() in NodeJS flatted',
29 silly audit report       severity: 'high',
29 silly audit report       vulnerable_versions: '<=3.4.1',
29 silly audit report       cwe: [Array],
29 silly audit report       cvss: [Object]
29 silly audit report     }
29 silly audit report   ],
29 silly audit report   next: [
29 silly audit report     {
29 silly audit report       id: 1107228,
29 silly audit report       url: 'https://github.com/advisories/GHSA-g5qg-72qw-gw5v',
29 silly audit report       title: 'Next.js Affected by Cache Key Confusion for Image Optimization API Routes',
29 silly audit report       severity: 'moderate',
29 silly audit report       vulnerable_versions: '>=15.0.0 <=15.4.4',
29 silly audit report       cwe: [Array],
29 silly audit report       cvss: [Object]
29 silly audit report     },
29 silly audit report     {
29 silly audit report       id: 1107514,
29 silly audit report       url: 'https://github.com/advisories/GHSA-xv57-4mr9-wg8v',
29 silly audit report       title: 'Next.js Content Injection Vulnerability for Image Optimization',
29 silly audit report       severity: 'moderate',
29 silly audit report       vulnerable_versions: '>=15.0.0 <=15.4.4',
29 silly audit report       cwe: [Array],
29 silly audit report       cvss: [Object]
29 silly audit report     },
29 silly audit report     {
29 silly audit report       id: 1107515,
29 silly audit report       url: 'https://github.com/advisories/GHSA-4342-x723-ch2f',
29 silly audit report       title: 'Next.js Improper Middleware Redirect Handling Leads to SSRF',
29 silly audit report       severity: 'moderate',
29 silly audit report       vulnerable_versions: '>=15.0.0-canary.0 <15.4.7',
29 silly audit report       cwe: [Array],
29 silly audit report       cvss: [Object]
29 silly audit report     },
29 silly audit report     {
29 silly audit report       id: 1112593,
29 silly audit report       url: 'https://github.com/advisories/GHSA-9g9p-9gw9-jx7f',
29 silly audit report       title: 'Next.js self-hosted applications vulnerable to DoS via Image Optimizer remotePatterns configuration',
29 silly audit report       severity: 'moderate',
29 silly audit report       vulnerable_versions: '>=10.0.0 <15.5.10',
29 silly audit report       cwe: [Array],
29 silly audit report       cvss: [Object]
29 silly audit report     },
29 silly audit report     {
29 silly audit report       id: 1114897,
29 silly audit report       url: 'https://github.com/advisories/GHSA-ggv3-7p47-pfv8',
29 silly audit report       title: 'Next.js: HTTP request smuggling in rewrites',
29 silly audit report       severity: 'moderate',
29 silly audit report       vulnerable_versions: '>=9.5.0 <15.5.13',
29 silly audit report       cwe: [Array],
29 silly audit report       cvss: [Object]
29 silly audit report     },
29 silly audit report     {
29 silly audit report       id: 1114940,
29 silly audit report       url: 'https://github.com/advisories/GHSA-3x4c-7xq6-9pq8',
29 silly audit report       title: 'Next.js: Unbounded next/image disk cache growth can exhaust storage',
29 silly audit report       severity: 'moderate',
29 silly audit report       vulnerable_versions: '>=10.0.0 <15.5.14',
29 silly audit report       cwe: [Array],
29 silly audit report       cvss: [Object]
29 silly audit report     }
29 silly audit report   ],
29 silly audit report   nodemailer: [
29 silly audit report     {
29 silly audit report       id: 1109804,
29 silly audit report       url: 'https://github.com/advisories/GHSA-mm7p-fcc7-pg87',
29 silly audit report       title: 'Nodemailer: Email to an unintended domain can occur due to Interpretation Conflict',
29 silly audit report       severity: 'moderate',
29 silly audit report       vulnerable_versions: '<7.0.7',
29 silly audit report       cwe: [Array],
29 silly audit report       cvss: [Object]
29 silly audit report     },
29 silly audit report     {
29 silly audit report       id: 1113165,
29 silly audit report       url: 'https://github.com/advisories/GHSA-rcmh-qjqh-p98v',
29 silly audit report       title: 'Nodemailer’s addressparser is vulnerable to DoS caused by recursive calls',
29 silly audit report       severity: 'high',
29 silly audit report       vulnerable_versions: '<=7.0.10',
29 silly audit report       cwe: [Array],
29 silly audit report       cvss: [Object]
29 silly audit report     },
29 silly audit report     {
29 silly audit report       id: 1115470,
29 silly audit report       url: 'https://github.com/advisories/GHSA-c7w3-x93f-qmm8',
29 silly audit report       title: 'Nodemailer has SMTP command injection due to unsanitized `envelope.size` parameter',
29 silly audit report       severity: 'low',
29 silly audit report       vulnerable_versions: '<8.0.4',
29 silly audit report       cwe: [Array],
29 silly audit report       cvss: [Object]
29 silly audit report     }
29 silly audit report   ],
29 silly audit report   picomatch: [
29 silly audit report     {
29 silly audit report       id: 1115551,
29 silly audit report       url: 'https://github.com/advisories/GHSA-3v7f-55p6-f55p',
29 silly audit report       title: 'Picomatch: Method Injection in POSIX Character Classes causes incorrect Glob Matching',
29 silly audit report       severity: 'moderate',
29 silly audit report       vulnerable_versions: '>=4.0.0 <4.0.4',
29 silly audit report       cwe: [Array],
29 silly audit report       cvss: [Object]
29 silly audit report     },
29 silly audit report     {
29 silly audit report       id: 1115554,
29 silly audit report       url: 'https://github.com/advisories/GHSA-c2c7-rcm5-vvqj',
29 silly audit report       title: 'Picomatch has a ReDoS vulnerability via extglob quantifiers',
29 silly audit report       severity: 'high',
29 silly audit report       vulnerable_versions: '>=4.0.0 <4.0.4',
29 silly audit report       cwe: [Array],
29 silly audit report       cvss: [Object]
29 silly audit report     }
29 silly audit report   ]
29 silly audit report }
30 silly packumentCache corgi:https://registry.npmjs.org/brace-expansion cache-miss
31 silly packumentCache corgi:https://registry.npmjs.org/minimatch cache-miss
32 silly packumentCache corgi:https://registry.npmjs.org/ajv cache-miss
33 silly packumentCache corgi:https://registry.npmjs.org/flatted cache-miss
34 silly packumentCache corgi:https://registry.npmjs.org/next cache-miss
35 silly packumentCache corgi:https://registry.npmjs.org/nodemailer cache-miss
36 silly packumentCache corgi:https://registry.npmjs.org/picomatch cache-miss
37 http fetch GET 200 https://registry.npmjs.org/minimatch 126ms (cache revalidated)
38 silly packumentCache corgi:https://registry.npmjs.org/minimatch set size:168441 disposed:false
39 http fetch GET 200 https://registry.npmjs.org/flatted 222ms (cache revalidated)
40 silly packumentCache corgi:https://registry.npmjs.org/flatted set size:57858 disposed:false
41 http fetch GET 200 https://registry.npmjs.org/ajv 238ms (cache revalidated)
42 silly packumentCache corgi:https://registry.npmjs.org/ajv set size:464537 disposed:false
43 http fetch GET 200 https://registry.npmjs.org/picomatch 246ms (cache revalidated)
44 silly packumentCache corgi:https://registry.npmjs.org/picomatch set size:44414 disposed:false
45 http fetch GET 200 https://registry.npmjs.org/brace-expansion 293ms (cache revalidated)
46 silly packumentCache corgi:https://registry.npmjs.org/brace-expansion set size:21298 disposed:false
47 http fetch GET 200 https://registry.npmjs.org/nodemailer 383ms (cache updated)
48 silly packumentCache corgi:https://registry.npmjs.org/nodemailer set size:undefined disposed:false
49 http fetch GET 200 https://registry.npmjs.org/next 833ms (cache updated)
50 silly packumentCache corgi:https://registry.npmjs.org/next set size:undefined disposed:false
51 silly packumentCache corgi:https://registry.npmjs.org/@eslint%2fconfig-array cache-miss
52 silly packumentCache corgi:https://registry.npmjs.org/@eslint%2feslintrc cache-miss
53 silly packumentCache corgi:https://registry.npmjs.org/eslint cache-miss
54 silly packumentCache corgi:https://registry.npmjs.org/eslint-plugin-import cache-miss
55 silly packumentCache corgi:https://registry.npmjs.org/eslint-plugin-jsx-a11y cache-miss
56 silly packumentCache corgi:https://registry.npmjs.org/eslint-plugin-react cache-miss
57 http fetch GET 200 https://registry.npmjs.org/eslint 130ms (cache revalidated)
58 silly packumentCache corgi:https://registry.npmjs.org/eslint set size:1148157 disposed:false
59 http fetch GET 200 https://registry.npmjs.org/eslint-plugin-import 152ms (cache revalidated)
60 silly packumentCache corgi:https://registry.npmjs.org/eslint-plugin-import set size:238396 disposed:false
61 http fetch GET 200 https://registry.npmjs.org/@eslint%2feslintrc 159ms (cache revalidated)
62 silly packumentCache corgi:https://registry.npmjs.org/@eslint%2feslintrc set size:83205 disposed:false
63 http fetch GET 200 https://registry.npmjs.org/@eslint%2fconfig-array 169ms (cache revalidated)
64 silly packumentCache corgi:https://registry.npmjs.org/@eslint%2fconfig-array set size:18116 disposed:false
65 http fetch GET 200 https://registry.npmjs.org/eslint-plugin-jsx-a11y 168ms (cache revalidated)
66 silly packumentCache corgi:https://registry.npmjs.org/eslint-plugin-jsx-a11y set size:108835 disposed:false
67 http fetch GET 200 https://registry.npmjs.org/eslint-plugin-react 171ms (cache revalidated)
68 silly packumentCache corgi:https://registry.npmjs.org/eslint-plugin-react set size:309843 disposed:false
69 silly packumentCache corgi:https://registry.npmjs.org/flat-cache cache-miss
70 http fetch GET 200 https://registry.npmjs.org/flat-cache 93ms (cache revalidated)
71 silly packumentCache corgi:https://registry.npmjs.org/flat-cache set size:50282 disposed:false
72 silly packumentCache corgi:https://registry.npmjs.org/tinyglobby cache-miss
73 silly packumentCache corgi:https://registry.npmjs.org/fdir cache-miss
74 http fetch GET 200 https://registry.npmjs.org/fdir 93ms (cache revalidated)
75 silly packumentCache corgi:https://registry.npmjs.org/fdir set size:76905 disposed:false
76 http fetch GET 200 https://registry.npmjs.org/tinyglobby 97ms (cache updated)
77 silly packumentCache corgi:https://registry.npmjs.org/tinyglobby set size:undefined disposed:false
78 http fetch GET 200 https://registry.npmjs.org/lucide-react/-/lucide-react-1.7.0.tgz 10065ms (cache miss)
79 silly ADD node_modules/lucide-react
80 verbose cwd D:\New folder\SPDATA\frontend
81 verbose os Windows_NT 10.0.19045
82 verbose node v24.12.0
83 verbose npm  v11.6.2
84 verbose exit 0
85 info ok
