0 verbose cli C:\Program Files\nodejs\node.exe C:\Program Files\nodejs\node_modules\npm\bin\npm-cli.js
1 info using npm@11.6.2
2 info using node@v24.12.0
3 silly config load:file:C:\Program Files\nodejs\node_modules\npm\npmrc
4 silly config load:file:D:\New folder\SPDATA\frontend\.npmrc
5 silly config load:file:C:\Users\admin\.npmrc
6 silly config load:file:C:\Users\admin\AppData\Roaming\npm\etc\npmrc
7 verbose title npm run lint app/profile/page.tsx app/ratings/page.tsx app/payment/page.tsx
8 verbose argv "run" "lint" "--" "app/profile/page.tsx" "app/ratings/page.tsx" "app/payment/page.tsx"
9 verbose logfile logs-max:10 dir:D:\New folder\SPDATA\frontend\npm-cache\_logs\2026-04-06T09_32_52_451Z-
10 verbose logfile D:\New folder\SPDATA\frontend\npm-cache\_logs\2026-04-06T09_32_52_451Z-debug-0.log
11 silly logfile start cleaning logs, removing 3 files
12 silly logfile error removing log file D:\New folder\SPDATA\frontend\npm-cache\_logs\2026-04-06T08_26_48_843Z-debug-0.log [Error: EPERM: operation not permitted, unlink 'D:\New folder\SPDATA\frontend\npm-cache\_logs\2026-04-06T08_26_48_843Z-debug-0.log'] {
12 silly logfile   errno: -4048,
12 silly logfile   code: 'EPERM',
12 silly logfile   syscall: 'unlink',
12 silly logfile   path: 'D:\\New folder\\SPDATA\\frontend\\npm-cache\\_logs\\2026-04-06T08_26_48_843Z-debug-0.log'
12 silly logfile }
13 silly logfile error removing log file D:\New folder\SPDATA\frontend\npm-cache\_logs\2026-04-06T08_27_47_920Z-debug-0.log [Error: EPERM: operation not permitted, unlink 'D:\New folder\SPDATA\frontend\npm-cache\_logs\2026-04-06T08_27_47_920Z-debug-0.log'] {
13 silly logfile   errno: -4048,
13 silly logfile   code: 'EPERM',
13 silly logfile   syscall: 'unlink',
13 silly logfile   path: 'D:\\New folder\\SPDATA\\frontend\\npm-cache\\_logs\\2026-04-06T08_27_47_920Z-debug-0.log'
13 silly logfile }
14 silly logfile error removing log file D:\New folder\SPDATA\frontend\npm-cache\_logs\2026-04-06T08_34_17_355Z-debug-0.log [Error: EPERM: operation not permitted, unlink 'D:\New folder\SPDATA\frontend\npm-cache\_logs\2026-04-06T08_34_17_355Z-debug-0.log'] {
14 silly logfile   errno: -4048,
14 silly logfile   code: 'EPERM',
14 silly logfile   syscall: 'unlink',
14 silly logfile   path: 'D:\\New folder\\SPDATA\\frontend\\npm-cache\\_logs\\2026-04-06T08_34_17_355Z-debug-0.log'
14 silly logfile }
15 silly logfile done cleaning log files
16 verbose cwd D:\New folder\SPDATA\frontend
17 verbose os Windows_NT 10.0.19045
18 verbose node v24.12.0
19 verbose npm  v11.6.2
20 verbose exit 0
21 info ok
