0 verbose cli C:\Program Files\nodejs\node.exe C:\Program Files\nodejs\node_modules\npm\bin\npm-cli.js
1 info using npm@11.6.2
2 info using node@v24.12.0
3 silly config load:file:C:\Program Files\nodejs\node_modules\npm\npmrc
4 silly config load:file:D:\New folder\SPDATA\frontend\.npmrc
5 silly config load:file:C:\Users\admin\.npmrc
6 silly config load:file:C:\Users\admin\AppData\Roaming\npm\etc\npmrc
7 verbose title npm run lint app/organizer-dashboard/page.tsx
8 verbose argv "run" "lint" "--" "app/organizer-dashboard/page.tsx"
9 verbose logfile logs-max:10 dir:D:\New folder\SPDATA\frontend\npm-cache\_logs\2026-04-10T07_02_08_116Z-
10 verbose logfile D:\New folder\SPDATA\frontend\npm-cache\_logs\2026-04-10T07_02_08_116Z-debug-0.log
11 silly logfile start cleaning logs, removing 9 files
12 silly logfile error removing log file D:\New folder\SPDATA\frontend\npm-cache\_logs\2026-04-06T10_34_54_579Z-debug-0.log [Error: EPERM: operation not permitted, unlink 'D:\New folder\SPDATA\frontend\npm-cache\_logs\2026-04-06T10_34_54_579Z-debug-0.log'] {
12 silly logfile   errno: -4048,
12 silly logfile   code: 'EPERM',
12 silly logfile   syscall: 'unlink',
12 silly logfile   path: 'D:\\New folder\\SPDATA\\frontend\\npm-cache\\_logs\\2026-04-06T10_34_54_579Z-debug-0.log'
12 silly logfile }
13 silly logfile error removing log file D:\New folder\SPDATA\frontend\npm-cache\_logs\2026-04-06T23_41_24_715Z-debug-0.log [Error: EPERM: operation not permitted, unlink 'D:\New folder\SPDATA\frontend\npm-cache\_logs\2026-04-06T23_41_24_715Z-debug-0.log'] {
13 silly logfile   errno: -4048,
13 silly logfile   code: 'EPERM',
13 silly logfile   syscall: 'unlink',
13 silly logfile   path: 'D:\\New folder\\SPDATA\\frontend\\npm-cache\\_logs\\2026-04-06T23_41_24_715Z-debug-0.log'
13 silly logfile }
14 silly logfile error removing log file D:\New folder\SPDATA\frontend\npm-cache\_logs\2026-04-07T00_50_17_101Z-debug-0.log [Error: EPERM: operation not permitted, unlink 'D:\New folder\SPDATA\frontend\npm-cache\_logs\2026-04-07T00_50_17_101Z-debug-0.log'] {
14 silly logfile   errno: -4048,
14 silly logfile   code: 'EPERM',
14 silly logfile   syscall: 'unlink',
14 silly logfile   path: 'D:\\New folder\\SPDATA\\frontend\\npm-cache\\_logs\\2026-04-07T00_50_17_101Z-debug-0.log'
14 silly logfile }
15 silly logfile error removing log file D:\New folder\SPDATA\frontend\npm-cache\_logs\2026-04-07T03_45_13_751Z-debug-0.log [Error: EPERM: operation not permitted, unlink 'D:\New folder\SPDATA\frontend\npm-cache\_logs\2026-04-07T03_45_13_751Z-debug-0.log'] {
15 silly logfile   errno: -4048,
15 silly logfile   code: 'EPERM',
15 silly logfile   syscall: 'unlink',
15 silly logfile   path: 'D:\\New folder\\SPDATA\\frontend\\npm-cache\\_logs\\2026-04-07T03_45_13_751Z-debug-0.log'
15 silly logfile }
16 silly logfile error removing log file D:\New folder\SPDATA\frontend\npm-cache\_logs\2026-04-07T03_46_38_354Z-debug-0.log [Error: EPERM: operation not permitted, unlink 'D:\New folder\SPDATA\frontend\npm-cache\_logs\2026-04-07T03_46_38_354Z-debug-0.log'] {
16 silly logfile   errno: -4048,
16 silly logfile   code: 'EPERM',
16 silly logfile   syscall: 'unlink',
16 silly logfile   path: 'D:\\New folder\\SPDATA\\frontend\\npm-cache\\_logs\\2026-04-07T03_46_38_354Z-debug-0.log'
16 silly logfile }
17 silly logfile error removing log file D:\New folder\SPDATA\frontend\npm-cache\_logs\2026-04-07T03_50_09_387Z-debug-0.log [Error: EPERM: operation not permitted, unlink 'D:\New folder\SPDATA\frontend\npm-cache\_logs\2026-04-07T03_50_09_387Z-debug-0.log'] {
17 silly logfile   errno: -4048,
17 silly logfile   code: 'EPERM',
17 silly logfile   syscall: 'unlink',
17 silly logfile   path: 'D:\\New folder\\SPDATA\\frontend\\npm-cache\\_logs\\2026-04-07T03_50_09_387Z-debug-0.log'
17 silly logfile }
18 silly logfile error removing log file D:\New folder\SPDATA\frontend\npm-cache\_logs\2026-04-07T09_58_51_942Z-debug-0.log [Error: EPERM: operation not permitted, unlink 'D:\New folder\SPDATA\frontend\npm-cache\_logs\2026-04-07T09_58_51_942Z-debug-0.log'] {
18 silly logfile   errno: -4048,
18 silly logfile   code: 'EPERM',
18 silly logfile   syscall: 'unlink',
18 silly logfile   path: 'D:\\New folder\\SPDATA\\frontend\\npm-cache\\_logs\\2026-04-07T09_58_51_942Z-debug-0.log'
18 silly logfile }
19 silly logfile error removing log file D:\New folder\SPDATA\frontend\npm-cache\_logs\2026-04-08T05_38_02_299Z-debug-0.log [Error: EPERM: operation not permitted, unlink 'D:\New folder\SPDATA\frontend\npm-cache\_logs\2026-04-08T05_38_02_299Z-debug-0.log'] {
19 silly logfile   errno: -4048,
19 silly logfile   code: 'EPERM',
19 silly logfile   syscall: 'unlink',
19 silly logfile   path: 'D:\\New folder\\SPDATA\\frontend\\npm-cache\\_logs\\2026-04-08T05_38_02_299Z-debug-0.log'
19 silly logfile }
20 silly logfile error removing log file D:\New folder\SPDATA\frontend\npm-cache\_logs\2026-04-08T05_38_16_951Z-debug-0.log [Error: EPERM: operation not permitted, unlink 'D:\New folder\SPDATA\frontend\npm-cache\_logs\2026-04-08T05_38_16_951Z-debug-0.log'] {
20 silly logfile   errno: -4048,
20 silly logfile   code: 'EPERM',
20 silly logfile   syscall: 'unlink',
20 silly logfile   path: 'D:\\New folder\\SPDATA\\frontend\\npm-cache\\_logs\\2026-04-08T05_38_16_951Z-debug-0.log'
20 silly logfile }
21 silly logfile done cleaning log files
22 verbose cwd D:\New folder\SPDATA\frontend
23 verbose os Windows_NT 10.0.19045
24 verbose node v24.12.0
25 verbose npm  v11.6.2
26 verbose exit 0
27 info ok
