0 verbose cli C:\Program Files\nodejs\node.exe C:\Program Files\nodejs\node_modules\npm\bin\npm-cli.js
1 info using npm@11.6.2
2 info using node@v24.12.0
3 silly config load:file:C:\Program Files\nodejs\node_modules\npm\npmrc
4 silly config load:file:D:\New folder\SPDATA\frontend\.npmrc
5 silly config load:file:C:\Users\admin\.npmrc
6 silly config load:file:C:\Users\admin\AppData\Roaming\npm\etc\npmrc
7 verbose title npm install next@15.3.8 eslint-config-next@15.3.8
8 verbose argv "install" "next@15.3.8" "eslint-config-next@15.3.8" "--save-exact"
9 verbose logfile logs-max:10 dir:D:\New folder\SPDATA\frontend\npm-cache\_logs\2026-04-06T09_39_39_618Z-
10 verbose logfile D:\New folder\SPDATA\frontend\npm-cache\_logs\2026-04-06T09_39_39_618Z-debug-0.log
11 silly logfile start cleaning logs, removing 6 files
12 silly packumentCache heap:2348810240 maxSize:587202560 maxEntrySize:293601280
13 silly idealTree buildDeps
14 silly fetch manifest next@15.3.8
15 silly packumentCache full:https://registry.npmjs.org/next cache-miss
16 silly logfile done cleaning log files
17 http fetch GET 200 https://registry.npmjs.org/next 1197ms (cache miss)
18 silly packumentCache full:https://registry.npmjs.org/next set size:undefined disposed:false
19 silly fetch manifest @opentelemetry/api@^1.1.0
20 silly packumentCache full:https://registry.npmjs.org/@opentelemetry%2fapi cache-miss
21 http fetch GET 200 https://registry.npmjs.org/@opentelemetry%2fapi 202ms (cache miss)
22 silly packumentCache full:https://registry.npmjs.org/@opentelemetry%2fapi set size:undefined disposed:false
23 silly fetch manifest @playwright/test@^1.41.2
24 silly packumentCache full:https://registry.npmjs.org/@playwright%2ftest cache-miss
25 http fetch GET 200 https://registry.npmjs.org/@playwright%2ftest 256ms (cache miss)
26 silly packumentCache full:https://registry.npmjs.org/@playwright%2ftest set size:undefined disposed:false
27 silly fetch manifest babel-plugin-react-compiler@*
28 silly packumentCache full:https://registry.npmjs.org/babel-plugin-react-compiler cache-miss
29 http fetch GET 200 https://registry.npmjs.org/babel-plugin-react-compiler 113ms (cache miss)
30 silly packumentCache full:https://registry.npmjs.org/babel-plugin-react-compiler set size:undefined disposed:false
31 silly fetch manifest react@^19.0.0
32 silly packumentCache full:https://registry.npmjs.org/react cache-miss
33 http fetch GET 200 https://registry.npmjs.org/react 210ms (cache miss)
34 silly packumentCache full:https://registry.npmjs.org/react set size:undefined disposed:false
35 silly fetch manifest react-dom@^19.0.0
36 silly packumentCache full:https://registry.npmjs.org/react-dom cache-miss
37 http fetch GET 200 https://registry.npmjs.org/react-dom 291ms (cache miss)
38 silly packumentCache full:https://registry.npmjs.org/react-dom set size:undefined disposed:false
39 silly fetch manifest sass@^1.3.0
40 silly packumentCache full:https://registry.npmjs.org/sass cache-miss
41 http fetch GET 200 https://registry.npmjs.org/sass 137ms (cache miss)
42 silly packumentCache full:https://registry.npmjs.org/sass set size:undefined disposed:false
43 silly fetch manifest eslint-config-next@15.3.8
44 silly packumentCache full:https://registry.npmjs.org/eslint-config-next cache-miss
45 http fetch GET 200 https://registry.npmjs.org/eslint-config-next 210ms (cache miss)
46 silly packumentCache full:https://registry.npmjs.org/eslint-config-next set size:undefined disposed:false
47 silly fetch manifest eslint@^9
48 silly packumentCache full:https://registry.npmjs.org/eslint cache-miss
49 http fetch GET 200 https://registry.npmjs.org/eslint 146ms (cache miss)
50 silly packumentCache full:https://registry.npmjs.org/eslint set size:undefined disposed:false
51 silly fetch manifest jiti@*
52 silly packumentCache full:https://registry.npmjs.org/jiti cache-miss
53 http fetch GET 200 https://registry.npmjs.org/jiti 103ms (cache miss)
54 silly packumentCache full:https://registry.npmjs.org/jiti set size:undefined disposed:false
55 silly fetch manifest typescript@^5
56 silly packumentCache full:https://registry.npmjs.org/typescript cache-miss
57 http fetch GET 200 https://registry.npmjs.org/typescript 590ms (cache miss)
58 silly packumentCache full:https://registry.npmjs.org/typescript set size:undefined disposed:false
59 silly placeDep ROOT eslint-config-next@15.3.8 REPLACE for: frontend@0.1.0 want: 15.3.8
60 silly placeDep ROOT next@15.3.8 REPLACE for: frontend@0.1.0 want: 15.3.8
61 silly fetch manifest @next/eslint-plugin-next@15.3.8
62 silly packumentCache full:https://registry.npmjs.org/@next%2feslint-plugin-next cache-miss
63 silly fetch manifest @next/env@15.3.8
64 silly packumentCache full:https://registry.npmjs.org/@next%2fenv cache-miss
65 silly fetch manifest sharp@^0.34.1
66 silly packumentCache full:https://registry.npmjs.org/sharp cache-miss
67 http fetch GET 200 https://registry.npmjs.org/@next%2feslint-plugin-next 305ms (cache miss)
68 silly packumentCache full:https://registry.npmjs.org/@next%2feslint-plugin-next set size:undefined disposed:false
69 silly fetch manifest @next/swc-darwin-x64@15.3.5
70 silly packumentCache full:https://registry.npmjs.org/@next%2fswc-darwin-x64 cache-miss
71 http fetch GET 200 https://registry.npmjs.org/sharp 479ms (cache miss)
72 silly packumentCache full:https://registry.npmjs.org/sharp set size:undefined disposed:false
73 silly fetch manifest @next/swc-darwin-arm64@15.3.5
74 silly packumentCache full:https://registry.npmjs.org/@next%2fswc-darwin-arm64 cache-miss
75 http fetch GET 200 https://registry.npmjs.org/@next%2fswc-darwin-x64 367ms (cache miss)
76 silly packumentCache full:https://registry.npmjs.org/@next%2fswc-darwin-x64 set size:undefined disposed:false
77 silly fetch manifest @next/swc-linux-x64-gnu@15.3.5
78 silly packumentCache full:https://registry.npmjs.org/@next%2fswc-linux-x64-gnu cache-miss
79 http fetch GET 200 https://registry.npmjs.org/@next%2fenv 912ms (cache miss)
80 silly packumentCache full:https://registry.npmjs.org/@next%2fenv set size:undefined disposed:false
81 silly fetch manifest @next/swc-linux-x64-musl@15.3.5
82 silly packumentCache full:https://registry.npmjs.org/@next%2fswc-linux-x64-musl cache-miss
83 http fetch GET 200 https://registry.npmjs.org/@next%2fswc-darwin-arm64 790ms (cache miss)
84 silly packumentCache full:https://registry.npmjs.org/@next%2fswc-darwin-arm64 set size:undefined disposed:false
85 silly fetch manifest @next/swc-win32-x64-msvc@15.3.5
86 silly packumentCache full:https://registry.npmjs.org/@next%2fswc-win32-x64-msvc cache-miss
87 http fetch GET 200 https://registry.npmjs.org/@next%2fswc-linux-x64-gnu 671ms (cache miss)
88 silly packumentCache full:https://registry.npmjs.org/@next%2fswc-linux-x64-gnu set size:undefined disposed:false
89 silly fetch manifest @next/swc-linux-arm64-gnu@15.3.5
90 silly packumentCache full:https://registry.npmjs.org/@next%2fswc-linux-arm64-gnu cache-miss
91 http fetch GET 200 https://registry.npmjs.org/@next%2fswc-linux-x64-musl 852ms (cache miss)
92 silly packumentCache full:https://registry.npmjs.org/@next%2fswc-linux-x64-musl set size:undefined disposed:false
93 silly fetch manifest @next/swc-linux-arm64-musl@15.3.5
94 silly packumentCache full:https://registry.npmjs.org/@next%2fswc-linux-arm64-musl cache-miss
95 http fetch GET 200 https://registry.npmjs.org/@next%2fswc-win32-x64-msvc 687ms (cache miss)
96 silly packumentCache full:https://registry.npmjs.org/@next%2fswc-win32-x64-msvc set size:undefined disposed:false
97 silly fetch manifest @next/swc-win32-arm64-msvc@15.3.5
98 silly packumentCache full:https://registry.npmjs.org/@next%2fswc-win32-arm64-msvc cache-miss
99 http fetch GET 200 https://registry.npmjs.org/@next%2fswc-linux-arm64-gnu 599ms (cache miss)
100 silly packumentCache full:https://registry.npmjs.org/@next%2fswc-linux-arm64-gnu set size:undefined disposed:false
101 http fetch GET 200 https://registry.npmjs.org/@next%2fswc-linux-arm64-musl 487ms (cache miss)
102 silly packumentCache full:https://registry.npmjs.org/@next%2fswc-linux-arm64-musl set size:undefined disposed:false
103 http fetch GET 200 https://registry.npmjs.org/@next%2fswc-win32-arm64-msvc 455ms (cache miss)
104 silly packumentCache full:https://registry.npmjs.org/@next%2fswc-win32-arm64-msvc set size:undefined disposed:false
105 silly placeDep ROOT @next/eslint-plugin-next@15.3.8 OK for: eslint-config-next@15.3.8 want: 15.3.8
106 silly fetch manifest fast-glob@3.3.1
107 silly packumentCache full:https://registry.npmjs.org/fast-glob cache-miss
108 http fetch GET 200 https://registry.npmjs.org/fast-glob 158ms (cache miss)
109 silly packumentCache full:https://registry.npmjs.org/fast-glob set size:undefined disposed:false
110 silly placeDep ROOT fast-glob@3.3.1 OK for: @next/eslint-plugin-next@15.3.8 want: 3.3.1
111 silly fetch manifest merge2@^1.3.0
112 silly packumentCache full:https://registry.npmjs.org/merge2 cache-miss
113 silly fetch manifest micromatch@^4.0.4
114 silly packumentCache full:https://registry.npmjs.org/micromatch cache-miss
115 silly fetch manifest glob-parent@^5.1.2
116 silly packumentCache full:https://registry.npmjs.org/glob-parent cache-miss
117 http fetch GET 200 https://registry.npmjs.org/merge2 94ms (cache miss)
118 silly packumentCache full:https://registry.npmjs.org/merge2 set size:undefined disposed:false
119 silly fetch manifest @nodelib/fs.stat@^2.0.2
120 silly packumentCache full:https://registry.npmjs.org/@nodelib%2ffs.stat cache-miss
121 http fetch GET 200 https://registry.npmjs.org/glob-parent 95ms (cache miss)
122 silly packumentCache full:https://registry.npmjs.org/glob-parent set size:undefined disposed:false
123 silly fetch manifest @nodelib/fs.walk@^1.2.3
124 silly packumentCache full:https://registry.npmjs.org/@nodelib%2ffs.walk cache-miss
125 http fetch GET 200 https://registry.npmjs.org/micromatch 102ms (cache miss)
126 silly packumentCache full:https://registry.npmjs.org/micromatch set size:undefined disposed:false
127 http fetch GET 200 https://registry.npmjs.org/@nodelib%2ffs.walk 127ms (cache miss)
128 silly packumentCache full:https://registry.npmjs.org/@nodelib%2ffs.walk set size:undefined disposed:false
129 http fetch GET 200 https://registry.npmjs.org/@nodelib%2ffs.stat 131ms (cache miss)
130 silly packumentCache full:https://registry.npmjs.org/@nodelib%2ffs.stat set size:undefined disposed:false
131 silly placeDep ROOT @nodelib/fs.stat@2.0.5 OK for: fast-glob@3.3.1 want: ^2.0.2
132 silly placeDep ROOT @nodelib/fs.walk@1.2.8 OK for: fast-glob@3.3.1 want: ^1.2.3
133 silly placeDep node_modules/fast-glob glob-parent@5.1.2 OK for: fast-glob@3.3.1 want: ^5.1.2
134 silly placeDep ROOT merge2@1.4.1 OK for: fast-glob@3.3.1 want: ^1.3.0
135 silly placeDep ROOT micromatch@4.0.8 OK for: fast-glob@3.3.1 want: ^4.0.4
136 silly fetch manifest fastq@^1.6.0
137 silly packumentCache full:https://registry.npmjs.org/fastq cache-miss
138 silly fetch manifest @nodelib/fs.scandir@2.1.5
139 silly packumentCache full:https://registry.npmjs.org/@nodelib%2ffs.scandir cache-miss
140 silly fetch manifest braces@^3.0.3
141 silly packumentCache full:https://registry.npmjs.org/braces cache-miss
142 http fetch GET 200 https://registry.npmjs.org/braces 95ms (cache miss)
143 silly packumentCache full:https://registry.npmjs.org/braces set size:undefined disposed:false
144 silly fetch manifest picomatch@^2.3.1
145 silly packumentCache full:https://registry.npmjs.org/picomatch cache-miss
146 http fetch GET 200 https://registry.npmjs.org/@nodelib%2ffs.scandir 113ms (cache miss)
147 silly packumentCache full:https://registry.npmjs.org/@nodelib%2ffs.scandir set size:undefined disposed:false
148 http fetch GET 200 https://registry.npmjs.org/fastq 121ms (cache miss)
149 silly packumentCache full:https://registry.npmjs.org/fastq set size:undefined disposed:false
150 http fetch GET 200 https://registry.npmjs.org/picomatch 107ms (cache miss)
151 silly packumentCache full:https://registry.npmjs.org/picomatch set size:undefined disposed:false
152 silly placeDep ROOT @nodelib/fs.scandir@2.1.5 OK for: @nodelib/fs.walk@1.2.8 want: 2.1.5
153 silly placeDep ROOT fastq@1.20.1 OK for: @nodelib/fs.walk@1.2.8 want: ^1.6.0
154 silly fetch manifest run-parallel@^1.1.9
155 silly packumentCache full:https://registry.npmjs.org/run-parallel cache-miss
156 silly fetch manifest reusify@^1.0.4
157 silly packumentCache full:https://registry.npmjs.org/reusify cache-miss
158 http fetch GET 200 https://registry.npmjs.org/run-parallel 91ms (cache miss)
159 silly packumentCache full:https://registry.npmjs.org/run-parallel set size:undefined disposed:false
160 http fetch GET 200 https://registry.npmjs.org/reusify 99ms (cache miss)
161 silly packumentCache full:https://registry.npmjs.org/reusify set size:undefined disposed:false
162 silly placeDep ROOT run-parallel@1.2.0 OK for: @nodelib/fs.scandir@2.1.5 want: ^1.1.9
163 silly fetch manifest queue-microtask@^1.2.2
164 silly packumentCache full:https://registry.npmjs.org/queue-microtask cache-miss
165 http fetch GET 200 https://registry.npmjs.org/queue-microtask 93ms (cache miss)
166 silly packumentCache full:https://registry.npmjs.org/queue-microtask set size:undefined disposed:false
167 silly placeDep ROOT reusify@1.1.0 OK for: fastq@1.20.1 want: ^1.0.4
168 silly placeDep ROOT braces@3.0.3 OK for: micromatch@4.0.8 want: ^3.0.3
169 silly placeDep ROOT picomatch@2.3.2 OK for: micromatch@4.0.8 want: ^2.3.1
170 silly fetch manifest fill-range@^7.1.1
171 silly packumentCache full:https://registry.npmjs.org/fill-range cache-miss
172 http fetch GET 200 https://registry.npmjs.org/fill-range 95ms (cache miss)
173 silly packumentCache full:https://registry.npmjs.org/fill-range set size:undefined disposed:false
174 silly placeDep ROOT fill-range@7.1.1 OK for: braces@3.0.3 want: ^7.1.1
175 silly fetch manifest to-regex-range@^5.0.1
176 silly packumentCache full:https://registry.npmjs.org/to-regex-range cache-miss
177 http fetch GET 200 https://registry.npmjs.org/to-regex-range 99ms (cache miss)
178 silly packumentCache full:https://registry.npmjs.org/to-regex-range set size:undefined disposed:false
179 silly placeDep ROOT to-regex-range@5.0.1 OK for: fill-range@7.1.1 want: ^5.0.1
180 silly fetch manifest is-number@^7.0.0
181 silly packumentCache full:https://registry.npmjs.org/is-number cache-miss
182 http fetch GET 200 https://registry.npmjs.org/is-number 137ms (cache miss)
183 silly packumentCache full:https://registry.npmjs.org/is-number set size:undefined disposed:false
184 silly placeDep ROOT @next/env@15.3.8 OK for: next@15.3.8 want: 15.3.8
185 silly placeDep ROOT @next/swc-darwin-arm64@15.3.5 OK for: next@15.3.8 want: 15.3.5
186 silly placeDep ROOT @next/swc-darwin-x64@15.3.5 OK for: next@15.3.8 want: 15.3.5
187 silly placeDep ROOT @next/swc-linux-arm64-gnu@15.3.5 OK for: next@15.3.8 want: 15.3.5
188 silly placeDep ROOT @next/swc-linux-arm64-musl@15.3.5 OK for: next@15.3.8 want: 15.3.5
189 silly placeDep ROOT @next/swc-linux-x64-gnu@15.3.5 OK for: next@15.3.8 want: 15.3.5
190 silly placeDep ROOT @next/swc-linux-x64-musl@15.3.5 OK for: next@15.3.8 want: 15.3.5
191 silly placeDep ROOT @next/swc-win32-arm64-msvc@15.3.5 OK for: next@15.3.8 want: 15.3.5
192 silly placeDep ROOT @next/swc-win32-x64-msvc@15.3.5 OK for: next@15.3.8 want: 15.3.5
193 silly placeDep ROOT sharp@0.34.5 OK for: next@15.3.8 want: ^0.34.1
194 silly fetch manifest semver@^7.7.3
195 silly packumentCache full:https://registry.npmjs.org/semver cache-miss
196 silly fetch manifest @img/colour@^1.0.0
197 silly packumentCache full:https://registry.npmjs.org/@img%2fcolour cache-miss
198 silly fetch manifest @img/sharp-wasm32@0.34.5
199 silly packumentCache full:https://registry.npmjs.org/@img%2fsharp-wasm32 cache-miss
200 http fetch GET 200 https://registry.npmjs.org/semver 98ms (cache miss)
201 silly packumentCache full:https://registry.npmjs.org/semver set size:undefined disposed:false
202 silly fetch manifest @img/sharp-linux-arm@0.34.5
203 silly packumentCache full:https://registry.npmjs.org/@img%2fsharp-linux-arm cache-miss
204 http fetch GET 200 https://registry.npmjs.org/@img%2fsharp-wasm32 120ms (cache miss)
205 silly packumentCache full:https://registry.npmjs.org/@img%2fsharp-wasm32 set size:undefined disposed:false
206 silly fetch manifest @img/sharp-linux-x64@0.34.5
207 silly packumentCache full:https://registry.npmjs.org/@img%2fsharp-linux-x64 cache-miss
208 http fetch GET 200 https://registry.npmjs.org/@img%2fcolour 126ms (cache miss)
209 silly packumentCache full:https://registry.npmjs.org/@img%2fcolour set size:undefined disposed:false
210 silly fetch manifest @img/sharp-win32-x64@0.34.5
211 silly packumentCache full:https://registry.npmjs.org/@img%2fsharp-win32-x64 cache-miss
212 http fetch GET 200 https://registry.npmjs.org/@img%2fsharp-linux-arm 100ms (cache miss)
213 silly packumentCache full:https://registry.npmjs.org/@img%2fsharp-linux-arm set size:undefined disposed:false
214 silly fetch manifest @img/sharp-darwin-x64@0.34.5
215 silly packumentCache full:https://registry.npmjs.org/@img%2fsharp-darwin-x64 cache-miss
216 http fetch GET 200 https://registry.npmjs.org/@img%2fsharp-linux-x64 102ms (cache miss)
217 silly packumentCache full:https://registry.npmjs.org/@img%2fsharp-linux-x64 set size:undefined disposed:false
218 silly fetch manifest @img/sharp-win32-ia32@0.34.5
219 silly packumentCache full:https://registry.npmjs.org/@img%2fsharp-win32-ia32 cache-miss
220 http fetch GET 200 https://registry.npmjs.org/@img%2fsharp-win32-x64 138ms (cache miss)
221 silly packumentCache full:https://registry.npmjs.org/@img%2fsharp-win32-x64 set size:undefined disposed:false
222 silly fetch manifest @img/sharp-linux-arm64@0.34.5
223 silly packumentCache full:https://registry.npmjs.org/@img%2fsharp-linux-arm64 cache-miss
224 http fetch GET 200 https://registry.npmjs.org/@img%2fsharp-darwin-x64 98ms (cache miss)
225 silly packumentCache full:https://registry.npmjs.org/@img%2fsharp-darwin-x64 set size:undefined disposed:false
226 silly fetch manifest @img/sharp-linux-ppc64@0.34.5
227 silly packumentCache full:https://registry.npmjs.org/@img%2fsharp-linux-ppc64 cache-miss
228 http fetch GET 200 https://registry.npmjs.org/@img%2fsharp-win32-ia32 102ms (cache miss)
229 silly packumentCache full:https://registry.npmjs.org/@img%2fsharp-win32-ia32 set size:undefined disposed:false
230 silly fetch manifest @img/sharp-linux-s390x@0.34.5
231 silly packumentCache full:https://registry.npmjs.org/@img%2fsharp-linux-s390x cache-miss
232 http fetch GET 200 https://registry.npmjs.org/@img%2fsharp-linux-arm64 121ms (cache miss)
233 silly packumentCache full:https://registry.npmjs.org/@img%2fsharp-linux-arm64 set size:undefined disposed:false
234 silly fetch manifest @img/sharp-win32-arm64@0.34.5
235 silly packumentCache full:https://registry.npmjs.org/@img%2fsharp-win32-arm64 cache-miss
236 http fetch GET 200 https://registry.npmjs.org/@img%2fsharp-linux-ppc64 100ms (cache miss)
237 silly packumentCache full:https://registry.npmjs.org/@img%2fsharp-linux-ppc64 set size:undefined disposed:false
238 silly fetch manifest @img/sharp-darwin-arm64@0.34.5
239 silly packumentCache full:https://registry.npmjs.org/@img%2fsharp-darwin-arm64 cache-miss
240 http fetch GET 200 https://registry.npmjs.org/@img%2fsharp-linux-s390x 108ms (cache miss)
241 silly packumentCache full:https://registry.npmjs.org/@img%2fsharp-linux-s390x set size:undefined disposed:false
242 silly fetch manifest @img/sharp-linux-riscv64@0.34.5
243 silly packumentCache full:https://registry.npmjs.org/@img%2fsharp-linux-riscv64 cache-miss
244 http fetch GET 200 https://registry.npmjs.org/@img%2fsharp-darwin-arm64 124ms (cache miss)
245 silly packumentCache full:https://registry.npmjs.org/@img%2fsharp-darwin-arm64 set size:undefined disposed:false
246 silly fetch manifest @img/sharp-linuxmusl-x64@0.34.5
247 silly packumentCache full:https://registry.npmjs.org/@img%2fsharp-linuxmusl-x64 cache-miss
248 http fetch GET 200 https://registry.npmjs.org/@img%2fsharp-win32-arm64 143ms (cache miss)
249 silly packumentCache full:https://registry.npmjs.org/@img%2fsharp-win32-arm64 set size:undefined disposed:false
250 silly fetch manifest @img/sharp-linuxmusl-arm64@0.34.5
251 silly packumentCache full:https://registry.npmjs.org/@img%2fsharp-linuxmusl-arm64 cache-miss
252 http fetch GET 200 https://registry.npmjs.org/@img%2fsharp-linux-riscv64 102ms (cache miss)
253 silly packumentCache full:https://registry.npmjs.org/@img%2fsharp-linux-riscv64 set size:undefined disposed:false
254 silly fetch manifest @img/sharp-libvips-linux-arm@1.2.4
255 silly packumentCache full:https://registry.npmjs.org/@img%2fsharp-libvips-linux-arm cache-miss
256 http fetch GET 200 https://registry.npmjs.org/@img%2fsharp-linuxmusl-arm64 97ms (cache miss)
257 silly packumentCache full:https://registry.npmjs.org/@img%2fsharp-linuxmusl-arm64 set size:undefined disposed:false
258 silly fetch manifest @img/sharp-libvips-linux-x64@1.2.4
259 silly packumentCache full:https://registry.npmjs.org/@img%2fsharp-libvips-linux-x64 cache-miss
260 http fetch GET 200 https://registry.npmjs.org/@img%2fsharp-libvips-linux-arm 130ms (cache miss)
261 silly packumentCache full:https://registry.npmjs.org/@img%2fsharp-libvips-linux-arm set size:undefined disposed:false
262 silly fetch manifest @img/sharp-libvips-darwin-x64@1.2.4
263 silly packumentCache full:https://registry.npmjs.org/@img%2fsharp-libvips-darwin-x64 cache-miss
264 http fetch GET 200 https://registry.npmjs.org/@img%2fsharp-linuxmusl-x64 145ms (cache miss)
265 silly packumentCache full:https://registry.npmjs.org/@img%2fsharp-linuxmusl-x64 set size:undefined disposed:false
266 silly fetch manifest @img/sharp-libvips-linux-arm64@1.2.4
267 silly packumentCache full:https://registry.npmjs.org/@img%2fsharp-libvips-linux-arm64 cache-miss
268 http fetch GET 200 https://registry.npmjs.org/@img%2fsharp-libvips-linux-x64 110ms (cache miss)
269 silly packumentCache full:https://registry.npmjs.org/@img%2fsharp-libvips-linux-x64 set size:undefined disposed:false
270 silly fetch manifest @img/sharp-libvips-linux-ppc64@1.2.4
271 silly packumentCache full:https://registry.npmjs.org/@img%2fsharp-libvips-linux-ppc64 cache-miss
272 http fetch GET 200 https://registry.npmjs.org/@img%2fsharp-libvips-linux-arm64 108ms (cache miss)
273 silly packumentCache full:https://registry.npmjs.org/@img%2fsharp-libvips-linux-arm64 set size:undefined disposed:false
274 silly fetch manifest @img/sharp-libvips-linux-s390x@1.2.4
275 silly packumentCache full:https://registry.npmjs.org/@img%2fsharp-libvips-linux-s390x cache-miss
276 http fetch GET 200 https://registry.npmjs.org/@img%2fsharp-libvips-darwin-x64 150ms (cache miss)
277 silly packumentCache full:https://registry.npmjs.org/@img%2fsharp-libvips-darwin-x64 set size:undefined disposed:false
278 silly fetch manifest @img/sharp-libvips-darwin-arm64@1.2.4
279 silly packumentCache full:https://registry.npmjs.org/@img%2fsharp-libvips-darwin-arm64 cache-miss
280 http fetch GET 200 https://registry.npmjs.org/@img%2fsharp-libvips-linux-ppc64 96ms (cache miss)
281 silly packumentCache full:https://registry.npmjs.org/@img%2fsharp-libvips-linux-ppc64 set size:undefined disposed:false
282 silly fetch manifest @img/sharp-libvips-linux-riscv64@1.2.4
283 silly packumentCache full:https://registry.npmjs.org/@img%2fsharp-libvips-linux-riscv64 cache-miss
284 http fetch GET 200 https://registry.npmjs.org/@img%2fsharp-libvips-linux-s390x 103ms (cache miss)
285 silly packumentCache full:https://registry.npmjs.org/@img%2fsharp-libvips-linux-s390x set size:undefined disposed:false
286 silly fetch manifest @img/sharp-libvips-linuxmusl-x64@1.2.4
287 silly packumentCache full:https://registry.npmjs.org/@img%2fsharp-libvips-linuxmusl-x64 cache-miss
288 http fetch GET 200 https://registry.npmjs.org/@img%2fsharp-libvips-darwin-arm64 119ms (cache miss)
289 silly packumentCache full:https://registry.npmjs.org/@img%2fsharp-libvips-darwin-arm64 set size:undefined disposed:false
290 silly fetch manifest @img/sharp-libvips-linuxmusl-arm64@1.2.4
291 silly packumentCache full:https://registry.npmjs.org/@img%2fsharp-libvips-linuxmusl-arm64 cache-miss
292 http fetch GET 200 https://registry.npmjs.org/@img%2fsharp-libvips-linux-riscv64 111ms (cache miss)
293 silly packumentCache full:https://registry.npmjs.org/@img%2fsharp-libvips-linux-riscv64 set size:undefined disposed:false
294 http fetch GET 200 https://registry.npmjs.org/@img%2fsharp-libvips-linuxmusl-x64 98ms (cache miss)
295 silly packumentCache full:https://registry.npmjs.org/@img%2fsharp-libvips-linuxmusl-x64 set size:undefined disposed:false
296 http fetch GET 200 https://registry.npmjs.org/@img%2fsharp-libvips-linuxmusl-arm64 116ms (cache miss)
297 silly packumentCache full:https://registry.npmjs.org/@img%2fsharp-libvips-linuxmusl-arm64 set size:undefined disposed:false
298 silly placeDep ROOT queue-microtask@1.2.3 OK for: run-parallel@1.2.0 want: ^1.2.2
299 silly placeDep ROOT @img/colour@1.1.0 OK for: sharp@0.34.5 want: ^1.0.0
300 silly placeDep ROOT @img/sharp-darwin-arm64@0.34.5 OK for: sharp@0.34.5 want: 0.34.5
301 silly placeDep ROOT @img/sharp-darwin-x64@0.34.5 OK for: sharp@0.34.5 want: 0.34.5
302 silly placeDep ROOT @img/sharp-libvips-darwin-arm64@1.2.4 OK for: sharp@0.34.5 want: 1.2.4
303 silly placeDep ROOT @img/sharp-libvips-darwin-x64@1.2.4 OK for: sharp@0.34.5 want: 1.2.4
304 silly placeDep ROOT @img/sharp-libvips-linux-arm@1.2.4 OK for: sharp@0.34.5 want: 1.2.4
305 silly placeDep ROOT @img/sharp-libvips-linux-arm64@1.2.4 OK for: sharp@0.34.5 want: 1.2.4
306 silly placeDep ROOT @img/sharp-libvips-linux-ppc64@1.2.4 OK for: sharp@0.34.5 want: 1.2.4
307 silly placeDep ROOT @img/sharp-libvips-linux-riscv64@1.2.4 OK for: sharp@0.34.5 want: 1.2.4
308 silly placeDep ROOT @img/sharp-libvips-linux-s390x@1.2.4 OK for: sharp@0.34.5 want: 1.2.4
309 silly placeDep ROOT @img/sharp-libvips-linux-x64@1.2.4 OK for: sharp@0.34.5 want: 1.2.4
310 silly placeDep ROOT @img/sharp-libvips-linuxmusl-arm64@1.2.4 OK for: sharp@0.34.5 want: 1.2.4
311 silly placeDep ROOT @img/sharp-libvips-linuxmusl-x64@1.2.4 OK for: sharp@0.34.5 want: 1.2.4
312 silly placeDep ROOT @img/sharp-linux-arm@0.34.5 OK for: sharp@0.34.5 want: 0.34.5
313 silly placeDep ROOT @img/sharp-linux-arm64@0.34.5 OK for: sharp@0.34.5 want: 0.34.5
314 silly placeDep ROOT @img/sharp-linux-ppc64@0.34.5 OK for: sharp@0.34.5 want: 0.34.5
315 silly placeDep ROOT @img/sharp-linux-riscv64@0.34.5 OK for: sharp@0.34.5 want: 0.34.5
316 silly placeDep ROOT @img/sharp-linux-s390x@0.34.5 OK for: sharp@0.34.5 want: 0.34.5
317 silly placeDep ROOT @img/sharp-linux-x64@0.34.5 OK for: sharp@0.34.5 want: 0.34.5
318 silly placeDep ROOT @img/sharp-linuxmusl-arm64@0.34.5 OK for: sharp@0.34.5 want: 0.34.5
319 silly placeDep ROOT @img/sharp-linuxmusl-x64@0.34.5 OK for: sharp@0.34.5 want: 0.34.5
320 silly placeDep ROOT @img/sharp-wasm32@0.34.5 OK for: sharp@0.34.5 want: 0.34.5
321 silly placeDep ROOT @img/sharp-win32-arm64@0.34.5 OK for: sharp@0.34.5 want: 0.34.5
322 silly placeDep ROOT @img/sharp-win32-ia32@0.34.5 OK for: sharp@0.34.5 want: 0.34.5
323 silly placeDep ROOT @img/sharp-win32-x64@0.34.5 OK for: sharp@0.34.5 want: 0.34.5
324 silly placeDep node_modules/sharp semver@7.7.4 OK for: sharp@0.34.5 want: ^7.7.3
325 silly placeDep ROOT is-number@7.0.0 OK for: to-regex-range@5.0.1 want: ^7.0.0
326 silly reify mark retired [
326 silly reify   'D:\\New folder\\SPDATA\\frontend\\node_modules\\@img\\sharp-win32-x64'
326 silly reify ]
327 silly reify mark retired [ 'D:\\New folder\\SPDATA\\frontend\\node_modules\\@next\\env' ]
328 silly reify mark retired [
328 silly reify   'D:\\New folder\\SPDATA\\frontend\\node_modules\\@next\\eslint-plugin-next'
328 silly reify ]
329 silly reify mark retired [
329 silly reify   'D:\\New folder\\SPDATA\\frontend\\node_modules\\@next\\swc-win32-x64-msvc'
329 silly reify ]
330 silly reify mark retired [ 'D:\\New folder\\SPDATA\\frontend\\node_modules\\color' ]
331 silly reify mark retired [ 'D:\\New folder\\SPDATA\\frontend\\node_modules\\color-string' ]
332 silly reify mark retired [
332 silly reify   'D:\\New folder\\SPDATA\\frontend\\node_modules\\eslint-config-next'
332 silly reify ]
333 silly reify mark retired [ 'D:\\New folder\\SPDATA\\frontend\\node_modules\\is-arrayish' ]
334 silly reify mark retired [
334 silly reify   'D:\\New folder\\SPDATA\\frontend\\node_modules\\next',
334 silly reify   'D:\\New folder\\SPDATA\\frontend\\node_modules\\.bin\\next',
334 silly reify   'D:\\New folder\\SPDATA\\frontend\\node_modules\\.bin\\next.cmd',
334 silly reify   'D:\\New folder\\SPDATA\\frontend\\node_modules\\.bin\\next.ps1'
334 silly reify ]
335 silly reify mark retired [ 'D:\\New folder\\SPDATA\\frontend\\node_modules\\sharp' ]
336 silly reify mark retired [ 'D:\\New folder\\SPDATA\\frontend\\node_modules\\simple-swizzle' ]
337 silly reify moves {
337 silly reify   'D:\\New folder\\SPDATA\\frontend\\node_modules\\@img\\sharp-win32-x64': 'D:\\New folder\\SPDATA\\frontend\\node_modules\\@img\\.sharp-win32-x64-RkG0OXq3',
337 silly reify   'D:\\New folder\\SPDATA\\frontend\\node_modules\\@next\\env': 'D:\\New folder\\SPDATA\\frontend\\node_modules\\@next\\.env-3UVzICKU',
337 silly reify   'D:\\New folder\\SPDATA\\frontend\\node_modules\\@next\\eslint-plugin-next': 'D:\\New folder\\SPDATA\\frontend\\node_modules\\@next\\.eslint-plugin-next-a1zrkq0Z',
337 silly reify   'D:\\New folder\\SPDATA\\frontend\\node_modules\\@next\\swc-win32-x64-msvc': 'D:\\New folder\\SPDATA\\frontend\\node_modules\\@next\\.swc-win32-x64-msvc-Fe4QRvaD',
337 silly reify   'D:\\New folder\\SPDATA\\frontend\\node_modules\\color': 'D:\\New folder\\SPDATA\\frontend\\node_modules\\.color-lvgnvrYz',
337 silly reify   'D:\\New folder\\SPDATA\\frontend\\node_modules\\color-string': 'D:\\New folder\\SPDATA\\frontend\\node_modules\\.color-string-9c3poXJJ',
337 silly reify   'D:\\New folder\\SPDATA\\frontend\\node_modules\\eslint-config-next': 'D:\\New folder\\SPDATA\\frontend\\node_modules\\.eslint-config-next-eQZlF9IU',
337 silly reify   'D:\\New folder\\SPDATA\\frontend\\node_modules\\is-arrayish': 'D:\\New folder\\SPDATA\\frontend\\node_modules\\.is-arrayish-Eu2M8txx',
337 silly reify   'D:\\New folder\\SPDATA\\frontend\\node_modules\\next': 'D:\\New folder\\SPDATA\\frontend\\node_modules\\.next-Jus5qP4U',
337 silly reify   'D:\\New folder\\SPDATA\\frontend\\node_modules\\.bin\\next': 'D:\\New folder\\SPDATA\\frontend\\node_modules\\.bin\\.next-N7wWJdrX',
337 silly reify   'D:\\New folder\\SPDATA\\frontend\\node_modules\\.bin\\next.cmd': 'D:\\New folder\\SPDATA\\frontend\\node_modules\\.bin\\.next.cmd-8Mc94Tza',
337 silly reify   'D:\\New folder\\SPDATA\\frontend\\node_modules\\.bin\\next.ps1': 'D:\\New folder\\SPDATA\\frontend\\node_modules\\.bin\\.next.ps1-z3bZHmZm',
337 silly reify   'D:\\New folder\\SPDATA\\frontend\\node_modules\\sharp': 'D:\\New folder\\SPDATA\\frontend\\node_modules\\.sharp-AUEbpmSd',
337 silly reify   'D:\\New folder\\SPDATA\\frontend\\node_modules\\simple-swizzle': 'D:\\New folder\\SPDATA\\frontend\\node_modules\\.simple-swizzle-x97ZRMlV'
337 silly reify }
338 silly audit bulk request {
338 silly audit   '@alloc/quick-lru': [ '5.2.0' ],
338 silly audit   '@emnapi/core': [ '1.8.1' ],
338 silly audit   '@emnapi/runtime': [ '1.8.1' ],
338 silly audit   '@emnapi/wasi-threads': [ '1.1.0' ],
338 silly audit   '@eslint-community/eslint-utils': [ '4.9.1' ],
338 silly audit   'eslint-visitor-keys': [ '3.4.3', '5.0.1', '4.2.1' ],
338 silly audit   '@eslint-community/regexpp': [ '4.12.2' ],
338 silly audit   '@eslint/config-array': [ '0.21.1' ],
338 silly audit   '@eslint/config-helpers': [ '0.4.2' ],
338 silly audit   '@eslint/core': [ '0.17.0' ],
338 silly audit   '@eslint/eslintrc': [ '3.3.3' ],
338 silly audit   '@eslint/js': [ '9.39.2' ],
338 silly audit   '@eslint/object-schema': [ '2.1.7' ],
338 silly audit   '@eslint/plugin-kit': [ '0.4.1' ],
338 silly audit   '@humanfs/core': [ '0.19.1' ],
338 silly audit   '@humanfs/node': [ '0.16.7' ],
338 silly audit   '@humanwhocodes/module-importer': [ '1.0.1' ],
338 silly audit   '@humanwhocodes/retry': [ '0.4.3' ],
338 silly audit   '@jridgewell/gen-mapping': [ '0.3.13' ],
338 silly audit   '@jridgewell/remapping': [ '2.3.5' ],
338 silly audit   '@jridgewell/resolve-uri': [ '3.1.2' ],
338 silly audit   '@jridgewell/sourcemap-codec': [ '1.5.5' ],
338 silly audit   '@jridgewell/trace-mapping': [ '0.3.31' ],
338 silly audit   '@napi-rs/wasm-runtime': [ '0.2.12' ],
338 silly audit   '@nolyfill/is-core-module': [ '1.0.39' ],
338 silly audit   '@rtsao/scc': [ '1.1.0' ],
338 silly audit   '@rushstack/eslint-patch': [ '1.16.1' ],
338 silly audit   '@swc/counter': [ '0.1.3' ],
338 silly audit   '@swc/helpers': [ '0.5.15' ],
338 silly audit   '@tailwindcss/node': [ '4.1.18' ],
338 silly audit   '@tailwindcss/oxide': [ '4.1.18' ],
338 silly audit   '@tailwindcss/oxide-android-arm64': [ '4.1.18' ],
338 silly audit   '@tailwindcss/oxide-darwin-arm64': [ '4.1.18' ],
338 silly audit   '@tailwindcss/oxide-darwin-x64': [ '4.1.18' ],
338 silly audit   '@tailwindcss/oxide-freebsd-x64': [ '4.1.18' ],
338 silly audit   '@tailwindcss/oxide-linux-arm-gnueabihf': [ '4.1.18' ],
338 silly audit   '@tailwindcss/oxide-linux-arm64-gnu': [ '4.1.18' ],
338 silly audit   '@tailwindcss/oxide-linux-arm64-musl': [ '4.1.18' ],
338 silly audit   '@tailwindcss/oxide-linux-x64-gnu': [ '4.1.18' ],
338 silly audit   '@tailwindcss/oxide-linux-x64-musl': [ '4.1.18' ],
338 silly audit   '@tailwindcss/oxide-wasm32-wasi': [ '4.1.18' ],
338 silly audit   '@tailwindcss/oxide-win32-arm64-msvc': [ '4.1.18' ],
338 silly audit   '@tailwindcss/oxide-win32-x64-msvc': [ '4.1.18' ],
338 silly audit   '@tailwindcss/postcss': [ '4.1.18' ],
338 silly audit   '@tybys/wasm-util': [ '0.10.1' ],
338 silly audit   '@types/estree': [ '1.0.8' ],
338 silly audit   '@types/json-schema': [ '7.0.15' ],
338 silly audit   '@types/json5': [ '0.0.29' ],
338 silly audit   '@types/node': [ '20.19.29' ],
338 silly audit   '@types/nodemailer': [ '8.0.0' ],
338 silly audit   '@types/qrcode': [ '1.5.6' ],
338 silly audit   '@types/react': [ '19.2.8' ],
338 silly audit   '@types/react-dom': [ '19.2.3' ],
338 silly audit   '@typescript-eslint/eslint-plugin': [ '8.58.0' ],
338 silly audit   ignore: [ '7.0.5', '5.3.2' ],
338 silly audit   '@typescript-eslint/parser': [ '8.58.0' ],
338 silly audit   '@typescript-eslint/project-service': [ '8.58.0' ],
338 silly audit   '@typescript-eslint/scope-manager': [ '8.58.0' ],
338 silly audit   '@typescript-eslint/tsconfig-utils': [ '8.58.0' ],
338 silly audit   '@typescript-eslint/type-utils': [ '8.58.0' ],
338 silly audit   '@typescript-eslint/types': [ '8.58.0' ],
338 silly audit   '@typescript-eslint/typescript-estree': [ '8.58.0' ],
338 silly audit   'balanced-match': [ '4.0.4', '1.0.2' ],
338 silly audit   'brace-expansion': [ '5.0.5', '1.1.12' ],
338 silly audit   minimatch: [ '10.2.5', '3.1.2' ],
338 silly audit   semver: [ '7.7.4', '7.7.3', '6.3.1' ],
338 silly audit   '@typescript-eslint/utils': [ '8.58.0' ],
338 silly audit   '@typescript-eslint/visitor-keys': [ '8.58.0' ],
338 silly audit   '@unrs/resolver-binding-android-arm-eabi': [ '1.11.1' ],
338 silly audit   '@unrs/resolver-binding-android-arm64': [ '1.11.1' ],
338 silly audit   '@unrs/resolver-binding-darwin-arm64': [ '1.11.1' ],
338 silly audit   '@unrs/resolver-binding-darwin-x64': [ '1.11.1' ],
338 silly audit   '@unrs/resolver-binding-freebsd-x64': [ '1.11.1' ],
338 silly audit   '@unrs/resolver-binding-linux-arm-gnueabihf': [ '1.11.1' ],
338 silly audit   '@unrs/resolver-binding-linux-arm-musleabihf': [ '1.11.1' ],
338 silly audit   '@unrs/resolver-binding-linux-arm64-gnu': [ '1.11.1' ],
338 silly audit   '@unrs/resolver-binding-linux-arm64-musl': [ '1.11.1' ],
338 silly audit   '@unrs/resolver-binding-linux-ppc64-gnu': [ '1.11.1' ],
338 silly audit   '@unrs/resolver-binding-linux-riscv64-gnu': [ '1.11.1' ],
338 silly audit   '@unrs/resolver-binding-linux-riscv64-musl': [ '1.11.1' ],
338 silly audit   '@unrs/resolver-binding-linux-s390x-gnu': [ '1.11.1' ],
338 silly audit   '@unrs/resolver-binding-linux-x64-gnu': [ '1.11.1' ],
338 silly audit   '@unrs/resolver-binding-linux-x64-musl': [ '1.11.1' ],
338 silly audit   '@unrs/resolver-binding-wasm32-wasi': [ '1.11.1' ],
338 silly audit   '@unrs/resolver-binding-win32-arm64-msvc': [ '1.11.1' ],
338 silly audit   '@unrs/resolver-binding-win32-ia32-msvc': [ '1.11.1' ],
338 silly audit   '@unrs/resolver-binding-win32-x64-msvc': [ '1.11.1' ],
338 silly audit   acorn: [ '8.15.0' ],
338 silly audit   'acorn-jsx': [ '5.3.2' ],
338 silly audit   ajv: [ '6.12.6' ],
338 silly audit   'ansi-regex': [ '5.0.1' ],
338 silly audit   'ansi-styles': [ '4.3.0' ],
338 silly audit   argparse: [ '2.0.1' ],
338 silly audit   'aria-query': [ '5.3.2' ],
338 silly audit   'array-buffer-byte-length': [ '1.0.2' ],
338 silly audit   'array-includes': [ '3.1.9' ],
338 silly audit   'array.prototype.findlast': [ '1.2.5' ],
338 silly audit   'array.prototype.findlastindex': [ '1.2.6' ],
338 silly audit   'array.prototype.flat': [ '1.3.3' ],
338 silly audit   'array.prototype.flatmap': [ '1.3.3' ],
338 silly audit   'array.prototype.tosorted': [ '1.1.4' ],
338 silly audit   'arraybuffer.prototype.slice': [ '1.0.4' ],
338 silly audit   'ast-types-flow': [ '0.0.8' ],
338 silly audit   'async-function': [ '1.0.0' ],
338 silly audit   'available-typed-arrays': [ '1.0.7' ],
338 silly audit   'axe-core': [ '4.11.1' ],
338 silly audit   'axobject-query': [ '4.1.0' ],
338 silly audit   busboy: [ '1.6.0' ],
338 silly audit   'call-bind': [ '1.0.8' ],
338 silly audit   'call-bind-apply-helpers': [ '1.0.2' ],
338 silly audit   'call-bound': [ '1.0.4' ],
338 silly audit   callsites: [ '3.1.0' ],
338 silly audit   camelcase: [ '5.3.1' ],
338 silly audit   'caniuse-lite': [ '1.0.30001764' ],
338 silly audit   chalk: [ '4.1.2' ],
338 silly audit   'client-only': [ '0.0.1' ],
338 silly audit   cliui: [ '6.0.0' ],
338 silly audit   'color-convert': [ '2.0.1' ],
338 silly audit   'color-name': [ '1.1.4' ],
338 silly audit   'concat-map': [ '0.0.1' ],
338 silly audit   'cross-spawn': [ '7.0.6' ],
338 silly audit   csstype: [ '3.2.3' ],
338 silly audit   'damerau-levenshtein': [ '1.0.8' ],
338 silly audit   'data-view-buffer': [ '1.0.2' ],
338 silly audit   'data-view-byte-length': [ '1.0.2' ],
338 silly audit   'data-view-byte-offset': [ '1.0.1' ],
338 silly audit   debug: [ '4.4.3', '3.2.7' ],
338 silly audit   decamelize: [ '1.2.0' ],
338 silly audit   'deep-is': [ '0.1.4' ],
338 silly audit   'define-data-property': [ '1.1.4' ],
338 silly audit   'define-properties': [ '1.2.1' ],
338 silly audit   'detect-libc': [ '2.1.2' ],
338 silly audit   dijkstrajs: [ '1.0.3' ],
338 silly audit   doctrine: [ '2.1.0' ],
338 silly audit   'dunder-proto': [ '1.0.1' ],
338 silly audit   'emoji-regex': [ '9.2.2', '8.0.0' ],
338 silly audit   'enhanced-resolve': [ '5.18.4' ],
338 silly audit   'es-abstract': [ '1.24.1' ],
338 silly audit   'es-define-property': [ '1.0.1' ],
338 silly audit   'es-errors': [ '1.3.0' ],
338 silly audit   'es-iterator-helpers': [ '1.2.2' ],
338 silly audit   'es-object-atoms': [ '1.1.1' ],
338 silly audit   'es-set-tostringtag': [ '2.1.0' ],
338 silly audit   'es-shim-unscopables': [ '1.1.0' ],
338 silly audit   'es-to-primitive': [ '1.3.0' ],
338 silly audit   'escape-string-regexp': [ '4.0.0' ],
338 silly audit   eslint: [ '9.39.2' ],
338 silly audit   'eslint-import-resolver-node': [ '0.3.9' ],
338 silly audit   'eslint-import-resolver-typescript': [ '3.10.1' ],
338 silly audit   'eslint-module-utils': [ '2.12.1' ],
338 silly audit   'eslint-plugin-import': [ '2.32.0' ],
338 silly audit   'eslint-plugin-jsx-a11y': [ '6.10.2' ],
338 silly audit   'eslint-plugin-react': [ '7.37.5' ],
338 silly audit   'eslint-plugin-react-hooks': [ '5.2.0' ],
338 silly audit   resolve: [ '2.0.0-next.5', '1.22.11' ],
338 silly audit   'eslint-scope': [ '8.4.0' ],
338 silly audit   espree: [ '10.4.0' ],
338 silly audit   esquery: [ '1.7.0' ],
338 silly audit   esrecurse: [ '4.3.0' ],
338 silly audit   estraverse: [ '5.3.0' ],
338 silly audit   esutils: [ '2.0.3' ],
338 silly audit   'fast-deep-equal': [ '3.1.3' ],
338 silly audit   'glob-parent': [ '6.0.2', '5.1.2' ],
338 silly audit   'fast-json-stable-stringify': [ '2.1.0' ],
338 silly audit   'fast-levenshtein': [ '2.0.6' ],
338 silly audit   'file-entry-cache': [ '8.0.0' ],
338 silly audit   'find-up': [ '5.0.0', '4.1.0' ],
338 silly audit   'flat-cache': [ '4.0.1' ],
338 silly audit   flatted: [ '3.3.3' ],
338 silly audit   'for-each': [ '0.3.5' ],
338 silly audit   'function-bind': [ '1.1.2' ],
338 silly audit   'function.prototype.name': [ '1.1.8' ],
338 silly audit   'functions-have-names': [ '1.2.3' ],
338 silly audit   'generator-function': [ '2.0.1' ],
338 silly audit   'get-caller-file': [ '2.0.5' ],
338 silly audit   'get-intrinsic': [ '1.3.0' ],
338 silly audit   'get-proto': [ '1.0.1' ],
338 silly audit   'get-symbol-description': [ '1.1.0' ],
338 silly audit   'get-tsconfig': [ '4.13.0' ],
338 silly audit   globals: [ '14.0.0' ],
338 silly audit   globalthis: [ '1.0.4' ],
338 silly audit   gopd: [ '1.2.0' ],
338 silly audit   'graceful-fs': [ '4.2.11' ],
338 silly audit   'has-bigints': [ '1.1.0' ],
338 silly audit   'has-flag': [ '4.0.0' ],
338 silly audit   'has-property-descriptors': [ '1.0.2' ],
338 silly audit   'has-proto': [ '1.2.0' ],
338 silly audit   'has-symbols': [ '1.1.0' ],
338 silly audit   'has-tostringtag': [ '1.0.2' ],
338 silly audit   hasown: [ '2.0.2' ],
338 silly audit   'import-fresh': [ '3.3.1' ],
338 silly audit   imurmurhash: [ '0.1.4' ],
338 silly audit   'internal-slot': [ '1.1.0' ],
338 silly audit   'is-array-buffer': [ '3.0.5' ],
338 silly audit   'is-async-function': [ '2.1.1' ],
338 silly audit   'is-bigint': [ '1.1.0' ],
338 silly audit   'is-boolean-object': [ '1.2.2' ],
338 silly audit   'is-bun-module': [ '2.0.0' ],
338 silly audit   'is-callable': [ '1.2.7' ],
338 silly audit   'is-core-module': [ '2.16.1' ],
338 silly audit   'is-data-view': [ '1.0.2' ],
338 silly audit   'is-date-object': [ '1.1.0' ],
338 silly audit   'is-extglob': [ '2.1.1' ],
338 silly audit   'is-finalizationregistry': [ '1.1.1' ],
338 silly audit   'is-fullwidth-code-point': [ '3.0.0' ],
338 silly audit   'is-generator-function': [ '1.1.2' ],
338 silly audit   'is-glob': [ '4.0.3' ],
338 silly audit   'is-map': [ '2.0.3' ],
338 silly audit   'is-negative-zero': [ '2.0.3' ],
338 silly audit   'is-number-object': [ '1.1.1' ],
338 silly audit   'is-regex': [ '1.2.1' ],
338 silly audit   'is-set': [ '2.0.3' ],
338 silly audit   'is-shared-array-buffer': [ '1.0.4' ],
338 silly audit   'is-string': [ '1.1.1' ],
338 silly audit   'is-symbol': [ '1.1.1' ],
338 silly audit   'is-typed-array': [ '1.1.15' ],
338 silly audit   'is-weakmap': [ '2.0.2' ],
338 silly audit   'is-weakref': [ '1.1.1' ],
338 silly audit   'is-weakset': [ '2.0.4' ],
338 silly audit   isarray: [ '2.0.5' ],
338 silly audit   isexe: [ '2.0.0' ],
338 silly audit   'iterator.prototype': [ '1.1.5' ],
338 silly audit   jiti: [ '2.6.1' ],
338 silly audit   'js-tokens': [ '4.0.0' ],
338 silly audit   'js-yaml': [ '4.1.1' ],
338 silly audit   'json-buffer': [ '3.0.1' ],
338 silly audit   'json-schema-traverse': [ '0.4.1' ],
338 silly audit   'json-stable-stringify-without-jsonify': [ '1.0.1' ],
338 silly audit   'jsx-ast-utils': [ '3.3.5' ],
338 silly audit   keyv: [ '4.5.4' ],
338 silly audit   'language-subtag-registry': [ '0.3.23' ],
338 silly audit   'language-tags': [ '1.0.9' ],
338 silly audit   levn: [ '0.4.1' ],
338 silly audit   lightningcss: [ '1.30.2' ],
338 silly audit   'lightningcss-android-arm64': [ '1.30.2' ],
338 silly audit   'lightningcss-darwin-arm64': [ '1.30.2' ],
338 silly audit   'lightningcss-darwin-x64': [ '1.30.2' ],
338 silly audit   'lightningcss-freebsd-x64': [ '1.30.2' ],
338 silly audit   'lightningcss-linux-arm-gnueabihf': [ '1.30.2' ],
338 silly audit   'lightningcss-linux-arm64-gnu': [ '1.30.2' ],
338 silly audit   'lightningcss-linux-arm64-musl': [ '1.30.2' ],
338 silly audit   'lightningcss-linux-x64-gnu': [ '1.30.2' ],
338 silly audit   'lightningcss-linux-x64-musl': [ '1.30.2' ],
338 silly audit   'lightningcss-win32-arm64-msvc': [ '1.30.2' ],
338 silly audit   'lightningcss-win32-x64-msvc': [ '1.30.2' ],
338 silly audit   'locate-path': [ '6.0.0', '5.0.0' ],
338 silly audit   'lodash.merge': [ '4.6.2' ],
338 silly audit   'loose-envify': [ '1.4.0' ],
338 silly audit   'magic-string': [ '0.30.21' ],
338 silly audit   'math-intrinsics': [ '1.1.0' ],
338 silly audit   minimist: [ '1.2.8' ],
338 silly audit   ms: [ '2.1.3' ],
338 silly audit   nanoid: [ '3.3.11' ],
338 silly audit   'napi-postinstall': [ '0.3.4' ],
338 silly audit   'natural-compare': [ '1.4.0' ],
338 silly audit   postcss: [ '8.5.6', '8.4.31' ],
338 silly audit   nodemailer: [ '6.10.1' ],
338 silly audit   'object-assign': [ '4.1.1' ],
338 silly audit   'object-inspect': [ '1.13.4' ],
338 silly audit   'object-keys': [ '1.1.1' ],
338 silly audit   'object.assign': [ '4.1.7' ],
338 silly audit   'object.entries': [ '1.1.9' ],
338 silly audit   'object.fromentries': [ '2.0.8' ],
338 silly audit   'object.groupby': [ '1.0.3' ],
338 silly audit   'object.values': [ '1.2.1' ],
338 silly audit   optionator: [ '0.9.4' ],
338 silly audit   'own-keys': [ '1.0.1' ],
338 silly audit   'p-limit': [ '3.1.0', '2.3.0' ],
338 silly audit   'p-locate': [ '5.0.0', '4.1.0' ],
338 silly audit   'p-try': [ '2.2.0' ],
338 silly audit   'parent-module': [ '1.0.1' ],
338 silly audit   'path-exists': [ '4.0.0' ],
338 silly audit   'path-key': [ '3.1.1' ],
338 silly audit   'path-parse': [ '1.0.7' ],
338 silly audit   picocolors: [ '1.1.1' ],
338 silly audit   picomatch: [ '4.0.3', '2.3.2' ],
338 silly audit   pngjs: [ '5.0.0' ],
338 silly audit   'possible-typed-array-names': [ '1.1.0' ],
338 silly audit   'prelude-ls': [ '1.2.1' ],
338 silly audit   'prop-types': [ '15.8.1' ],
338 silly audit   punycode: [ '2.3.1' ],
338 silly audit   qrcode: [ '1.5.4' ],
338 silly audit   react: [ '19.2.3' ],
338 silly audit   'react-dom': [ '19.2.3' ],
338 silly audit   'react-is': [ '16.13.1' ],
338 silly audit   'reflect.getprototypeof': [ '1.0.10' ],
338 silly audit   'regexp.prototype.flags': [ '1.5.4' ],
338 silly audit   'require-directory': [ '2.1.1' ],
338 silly audit   'require-main-filename': [ '2.0.0' ],
338 silly audit   'resolve-from': [ '4.0.0' ],
338 silly audit   'resolve-pkg-maps': [ '1.0.0' ],
338 silly audit   'safe-array-concat': [ '1.1.3' ],
338 silly audit   'safe-push-apply': [ '1.0.0' ],
338 silly audit   'safe-regex-test': [ '1.1.0' ],
338 silly audit   scheduler: [ '0.27.0' ],
338 silly audit   'set-blocking': [ '2.0.0' ],
338 silly audit   'set-function-length': [ '1.2.2' ],
338 silly audit   'set-function-name': [ '2.0.2' ],
338 silly audit   'set-proto': [ '1.0.0' ],
338 silly audit   'shebang-command': [ '2.0.0' ],
338 silly audit   'shebang-regex': [ '3.0.0' ],
338 silly audit   'side-channel': [ '1.1.0' ],
338 silly audit   'side-channel-list': [ '1.0.0' ],
338 silly audit   'side-channel-map': [ '1.0.1' ],
338 silly audit   'side-channel-weakmap': [ '1.0.2' ],
338 silly audit   'source-map-js': [ '1.2.1' ],
338 silly audit   'stable-hash': [ '0.0.5' ],
338 silly audit   'stop-iteration-iterator': [ '1.1.0' ],
338 silly audit   streamsearch: [ '1.1.0' ],
338 silly audit   'string-width': [ '4.2.3' ],
338 silly audit   'string.prototype.includes': [ '2.0.1' ],
338 silly audit   'string.prototype.matchall': [ '4.0.12' ],
338 silly audit   'string.prototype.repeat': [ '1.0.0' ],
338 silly audit   'string.prototype.trim': [ '1.2.10' ],
338 silly audit   'string.prototype.trimend': [ '1.0.9' ],
338 silly audit   'string.prototype.trimstart': [ '1.0.8' ],
338 silly audit   'strip-ansi': [ '6.0.1' ],
338 silly audit   'strip-bom': [ '3.0.0' ],
338 silly audit   'strip-json-comments': [ '3.1.1' ],
338 silly audit   'styled-jsx': [ '5.1.6' ],
338 silly audit   'supports-color': [ '7.2.0' ],
338 silly audit   'supports-preserve-symlinks-flag': [ '1.0.0' ],
338 silly audit   tailwindcss: [ '4.1.18' ],
338 silly audit   tapable: [ '2.3.0' ],
338 silly audit   tinyglobby: [ '0.2.15' ],
338 silly audit   fdir: [ '6.5.0' ],
338 silly audit   'ts-api-utils': [ '2.5.0' ],
338 silly audit   'tsconfig-paths': [ '3.15.0' ],
338 silly audit   json5: [ '1.0.2' ],
338 silly audit   tslib: [ '2.8.1' ],
338 silly audit   'type-check': [ '0.4.0' ],
338 silly audit   'typed-array-buffer': [ '1.0.3' ],
338 silly audit   'typed-array-byte-length': [ '1.0.3' ],
338 silly audit   'typed-array-byte-offset': [ '1.0.4' ],
338 silly audit   'typed-array-length': [ '1.0.7' ],
338 silly audit   typescript: [ '5.9.3' ],
338 silly audit   'unbox-primitive': [ '1.1.0' ],
338 silly audit   'undici-types': [ '6.21.0' ],
338 silly audit   'unrs-resolver': [ '1.11.1' ],
338 silly audit   'uri-js': [ '4.4.1' ],
338 silly audit   which: [ '2.0.2' ],
338 silly audit   'which-boxed-primitive': [ '1.1.1' ],
338 silly audit   'which-builtin-type': [ '1.2.1' ],
338 silly audit   'which-collection': [ '1.0.2' ],
338 silly audit   'which-module': [ '2.0.1' ],
338 silly audit   'which-typed-array': [ '1.1.20' ],
338 silly audit   'word-wrap': [ '1.2.5' ],
338 silly audit   'wrap-ansi': [ '6.2.0' ],
338 silly audit   y18n: [ '4.0.3' ],
338 silly audit   yargs: [ '15.4.1' ],
338 silly audit   'yargs-parser': [ '18.1.3' ],
338 silly audit   'yocto-queue': [ '0.1.0' ],
338 silly audit   'eslint-config-next': [ '15.3.8' ],
338 silly audit   next: [ '15.3.8' ],
338 silly audit   '@next/eslint-plugin-next': [ '15.3.8' ],
338 silly audit   'fast-glob': [ '3.3.1' ],
338 silly audit   '@nodelib/fs.stat': [ '2.0.5' ],
338 silly audit   '@nodelib/fs.walk': [ '1.2.8' ],
338 silly audit   merge2: [ '1.4.1' ],
338 silly audit   micromatch: [ '4.0.8' ],
338 silly audit   '@nodelib/fs.scandir': [ '2.1.5' ],
338 silly audit   fastq: [ '1.20.1' ],
338 silly audit   'run-parallel': [ '1.2.0' ],
338 silly audit   reusify: [ '1.1.0' ],
338 silly audit   braces: [ '3.0.3' ],
338 silly audit   'fill-range': [ '7.1.1' ],
338 silly audit   'to-regex-range': [ '5.0.1' ],
338 silly audit   '@next/env': [ '15.3.8' ],
338 silly audit   '@next/swc-darwin-arm64': [ '15.3.5' ],
338 silly audit   '@next/swc-darwin-x64': [ '15.3.5' ],
338 silly audit   '@next/swc-linux-arm64-gnu': [ '15.3.5' ],
338 silly audit   '@next/swc-linux-arm64-musl': [ '15.3.5' ],
338 silly audit   '@next/swc-linux-x64-gnu': [ '15.3.5' ],
338 silly audit   '@next/swc-linux-x64-musl': [ '15.3.5' ],
338 silly audit   '@next/swc-win32-arm64-msvc': [ '15.3.5' ],
338 silly audit   '@next/swc-win32-x64-msvc': [ '15.3.5' ],
338 silly audit   sharp: [ '0.34.5' ],
338 silly audit   'queue-microtask': [ '1.2.3' ],
338 silly audit   '@img/colour': [ '1.1.0' ],
338 silly audit   '@img/sharp-darwin-arm64': [ '0.34.5' ],
338 silly audit   '@img/sharp-darwin-x64': [ '0.34.5' ],
338 silly audit   '@img/sharp-libvips-darwin-arm64': [ '1.2.4' ],
338 silly audit   '@img/sharp-libvips-darwin-x64': [ '1.2.4' ],
338 silly audit   '@img/sharp-libvips-linux-arm': [ '1.2.4' ],
338 silly audit   '@img/sharp-libvips-linux-arm64': [ '1.2.4' ],
338 silly audit   '@img/sharp-libvips-linux-ppc64': [ '1.2.4' ],
338 silly audit   '@img/sharp-libvips-linux-riscv64': [ '1.2.4' ],
338 silly audit   '@img/sharp-libvips-linux-s390x': [ '1.2.4' ],
338 silly audit   '@img/sharp-libvips-linux-x64': [ '1.2.4' ],
338 silly audit   '@img/sharp-libvips-linuxmusl-arm64': [ '1.2.4' ],
338 silly audit   '@img/sharp-libvips-linuxmusl-x64': [ '1.2.4' ],
338 silly audit   '@img/sharp-linux-arm': [ '0.34.5' ],
338 silly audit   '@img/sharp-linux-arm64': [ '0.34.5' ],
338 silly audit   '@img/sharp-linux-ppc64': [ '0.34.5' ],
338 silly audit   '@img/sharp-linux-riscv64': [ '0.34.5' ],
338 silly audit   '@img/sharp-linux-s390x': [ '0.34.5' ],
338 silly audit   '@img/sharp-linux-x64': [ '0.34.5' ],
338 silly audit   '@img/sharp-linuxmusl-arm64': [ '0.34.5' ],
338 silly audit   '@img/sharp-linuxmusl-x64': [ '0.34.5' ],
338 silly audit   '@img/sharp-wasm32': [ '0.34.5' ],
338 silly audit   '@img/sharp-win32-arm64': [ '0.34.5' ],
338 silly audit   '@img/sharp-win32-ia32': [ '0.34.5' ],
338 silly audit   '@img/sharp-win32-x64': [ '0.34.5' ],
338 silly audit   'is-number': [ '7.0.0' ]
338 silly audit }
339 http cache @img/colour@https://registry.npmjs.org/@img/colour/-/colour-1.1.0.tgz 0ms (cache hit)
340 http cache next@https://registry.npmjs.org/next/-/next-15.3.8.tgz 0ms (cache hit)
341 http cache sharp@https://registry.npmjs.org/sharp/-/sharp-0.34.5.tgz 0ms (cache hit)
342 http cache eslint-config-next@https://registry.npmjs.org/eslint-config-next/-/eslint-config-next-15.3.8.tgz 1ms (cache hit)
343 http cache @next/swc-win32-x64-msvc@https://registry.npmjs.org/@next/swc-win32-x64-msvc/-/swc-win32-x64-msvc-15.3.5.tgz 0ms (cache hit)
344 http cache @next/eslint-plugin-next@https://registry.npmjs.org/@next/eslint-plugin-next/-/eslint-plugin-next-15.3.8.tgz 0ms (cache hit)
345 http cache @next/env@https://registry.npmjs.org/@next/env/-/env-15.3.8.tgz 0ms (cache hit)
346 http cache @img/sharp-win32-x64@https://registry.npmjs.org/@img/sharp-win32-x64/-/sharp-win32-x64-0.34.5.tgz 0ms (cache hit)
347 silly tarball no local data for @img/colour@https://registry.npmjs.org/@img/colour/-/colour-1.1.0.tgz. Extracting by manifest.
348 silly tarball no local data for next@https://registry.npmjs.org/next/-/next-15.3.8.tgz. Extracting by manifest.
349 silly tarball no local data for sharp@https://registry.npmjs.org/sharp/-/sharp-0.34.5.tgz. Extracting by manifest.
350 silly tarball no local data for eslint-config-next@https://registry.npmjs.org/eslint-config-next/-/eslint-config-next-15.3.8.tgz. Extracting by manifest.
351 silly tarball no local data for @next/swc-win32-x64-msvc@https://registry.npmjs.org/@next/swc-win32-x64-msvc/-/swc-win32-x64-msvc-15.3.5.tgz. Extracting by manifest.
352 silly tarball no local data for @next/eslint-plugin-next@https://registry.npmjs.org/@next/eslint-plugin-next/-/eslint-plugin-next-15.3.8.tgz. Extracting by manifest.
353 silly tarball no local data for @next/env@https://registry.npmjs.org/@next/env/-/env-15.3.8.tgz. Extracting by manifest.
354 silly tarball no local data for @img/sharp-win32-x64@https://registry.npmjs.org/@img/sharp-win32-x64/-/sharp-win32-x64-0.34.5.tgz. Extracting by manifest.
355 http fetch GET 200 https://registry.npmjs.org/@img/colour/-/colour-1.1.0.tgz 156ms (cache miss)
356 http fetch GET 200 https://registry.npmjs.org/eslint-config-next/-/eslint-config-next-15.3.8.tgz 496ms (cache miss)
357 http fetch GET 200 https://registry.npmjs.org/@next/env/-/env-15.3.8.tgz 520ms (cache miss)
358 http fetch POST 200 https://registry.npmjs.org/-/npm/v1/security/advisories/bulk 591ms
359 silly audit report {
359 silly audit report   'brace-expansion': [
359 silly audit report     {
359 silly audit report       id: 1115540,
359 silly audit report       url: 'https://github.com/advisories/GHSA-f886-m6hf-6m8v',
359 silly audit report       title: 'brace-expansion: Zero-step sequence causes process hang and memory exhaustion',
359 silly audit report       severity: 'moderate',
359 silly audit report       vulnerable_versions: '<1.1.13',
359 silly audit report       cwe: [Array],
359 silly audit report       cvss: [Object]
359 silly audit report     }
359 silly audit report   ],
359 silly audit report   minimatch: [
359 silly audit report     {
359 silly audit report       id: 1113459,
359 silly audit report       url: 'https://github.com/advisories/GHSA-3ppc-4f35-3m26',
359 silly audit report       title: 'minimatch has a ReDoS via repeated wildcards with non-matching literal in pattern',
359 silly audit report       severity: 'high',
359 silly audit report       vulnerable_versions: '<3.1.3',
359 silly audit report       cwe: [Array],
359 silly audit report       cvss: [Object]
359 silly audit report     },
359 silly audit report     {
359 silly audit report       id: 1113538,
359 silly audit report       url: 'https://github.com/advisories/GHSA-7r86-cg39-jmmj',
359 silly audit report       title: 'minimatch has ReDoS: matchOne() combinatorial backtracking via multiple non-adjacent GLOBSTAR segments',
359 silly audit report       severity: 'high',
359 silly audit report       vulnerable_versions: '<3.1.3',
359 silly audit report       cwe: [Array],
359 silly audit report       cvss: [Object]
359 silly audit report     },
359 silly audit report     {
359 silly audit report       id: 1113546,
359 silly audit report       url: 'https://github.com/advisories/GHSA-23c5-xmqv-rm74',
359 silly audit report       title: 'minimatch ReDoS: nested *() extglobs generate catastrophically backtracking regular expressions',
359 silly audit report       severity: 'high',
359 silly audit report       vulnerable_versions: '<3.1.4',
359 silly audit report       cwe: [Array],
359 silly audit report       cvss: [Object]
359 silly audit report     }
359 silly audit report   ],
359 silly audit report   ajv: [
359 silly audit report     {
359 silly audit report       id: 1113714,
359 silly audit report       url: 'https://github.com/advisories/GHSA-2g4f-4pwh-qvx6',
359 silly audit report       title: 'ajv has ReDoS when using `$data` option',
359 silly audit report       severity: 'moderate',
359 silly audit report       vulnerable_versions: '<6.14.0',
359 silly audit report       cwe: [Array],
359 silly audit report       cvss: [Object]
359 silly audit report     }
359 silly audit report   ],
359 silly audit report   flatted: [
359 silly audit report     {
359 silly audit report       id: 1114526,
359 silly audit report       url: 'https://github.com/advisories/GHSA-25h7-pfq9-p65f',
359 silly audit report       title: 'flatted vulnerable to unbounded recursion DoS in parse() revive phase',
359 silly audit report       severity: 'high',
359 silly audit report       vulnerable_versions: '<3.4.0',
359 silly audit report       cwe: [Array],
359 silly audit report       cvss: [Object]
359 silly audit report     },
359 silly audit report     {
359 silly audit report       id: 1115357,
359 silly audit report       url: 'https://github.com/advisories/GHSA-rf6f-7fwh-wjgh',
359 silly audit report       title: 'Prototype Pollution via parse() in NodeJS flatted',
359 silly audit report       severity: 'high',
359 silly audit report       vulnerable_versions: '<=3.4.1',
359 silly audit report       cwe: [Array],
359 silly audit report       cvss: [Object]
359 silly audit report     }
359 silly audit report   ],
359 silly audit report   nodemailer: [
359 silly audit report     {
359 silly audit report       id: 1109804,
359 silly audit report       url: 'https://github.com/advisories/GHSA-mm7p-fcc7-pg87',
359 silly audit report       title: 'Nodemailer: Email to an unintended domain can occur due to Interpretation Conflict',
359 silly audit report       severity: 'moderate',
359 silly audit report       vulnerable_versions: '<7.0.7',
359 silly audit report       cwe: [Array],
359 silly audit report       cvss: [Object]
359 silly audit report     },
359 silly audit report     {
359 silly audit report       id: 1113165,
359 silly audit report       url: 'https://github.com/advisories/GHSA-rcmh-qjqh-p98v',
359 silly audit report       title: 'Nodemailer’s addressparser is vulnerable to DoS caused by recursive calls',
359 silly audit report       severity: 'high',
359 silly audit report       vulnerable_versions: '<=7.0.10',
359 silly audit report       cwe: [Array],
359 silly audit report       cvss: [Object]
359 silly audit report     },
359 silly audit report     {
359 silly audit report       id: 1115470,
359 silly audit report       url: 'https://github.com/advisories/GHSA-c7w3-x93f-qmm8',
359 silly audit report       title: 'Nodemailer has SMTP command injection due to unsanitized `envelope.size` parameter',
359 silly audit report       severity: 'low',
359 silly audit report       vulnerable_versions: '<8.0.4',
359 silly audit report       cwe: [Array],
359 silly audit report       cvss: [Object]
359 silly audit report     }
359 silly audit report   ],
359 silly audit report   picomatch: [
359 silly audit report     {
359 silly audit report       id: 1115551,
359 silly audit report       url: 'https://github.com/advisories/GHSA-3v7f-55p6-f55p',
359 silly audit report       title: 'Picomatch: Method Injection in POSIX Character Classes causes incorrect Glob Matching',
359 silly audit report       severity: 'moderate',
359 silly audit report       vulnerable_versions: '>=4.0.0 <4.0.4',
359 silly audit report       cwe: [Array],
359 silly audit report       cvss: [Object]
359 silly audit report     },
359 silly audit report     {
359 silly audit report       id: 1115554,
359 silly audit report       url: 'https://github.com/advisories/GHSA-c2c7-rcm5-vvqj',
359 silly audit report       title: 'Picomatch has a ReDoS vulnerability via extglob quantifiers',
359 silly audit report       severity: 'high',
359 silly audit report       vulnerable_versions: '>=4.0.0 <4.0.4',
359 silly audit report       cwe: [Array],
359 silly audit report       cvss: [Object]
359 silly audit report     }
359 silly audit report   ],
359 silly audit report   next: [
359 silly audit report     {
359 silly audit report       id: 1107228,
359 silly audit report       url: 'https://github.com/advisories/GHSA-g5qg-72qw-gw5v',
359 silly audit report       title: 'Next.js Affected by Cache Key Confusion for Image Optimization API Routes',
359 silly audit report       severity: 'moderate',
359 silly audit report       vulnerable_versions: '>=15.0.0 <=15.4.4',
359 silly audit report       cwe: [Array],
359 silly audit report       cvss: [Object]
359 silly audit report     },
359 silly audit report     {
359 silly audit report       id: 1107514,
359 silly audit report       url: 'https://github.com/advisories/GHSA-xv57-4mr9-wg8v',
359 silly audit report       title: 'Next.js Content Injection Vulnerability for Image Optimization',
359 silly audit report       severity: 'moderate',
359 silly audit report       vulnerable_versions: '>=15.0.0 <=15.4.4',
359 silly audit report       cwe: [Array],
359 silly audit report       cvss: [Object]
359 silly audit report     },
359 silly audit report     {
359 silly audit report       id: 1107515,
359 silly audit report       url: 'https://github.com/advisories/GHSA-4342-x723-ch2f',
359 silly audit report       title: 'Next.js Improper Middleware Redirect Handling Leads to SSRF',
359 silly audit report       severity: 'moderate',
359 silly audit report       vulnerable_versions: '>=15.0.0-canary.0 <15.4.7',
359 silly audit report       cwe: [Array],
359 silly audit report       cvss: [Object]
359 silly audit report     },
359 silly audit report     {
359 silly audit report       id: 1112593,
359 silly audit report       url: 'https://github.com/advisories/GHSA-9g9p-9gw9-jx7f',
359 silly audit report       title: 'Next.js self-hosted applications vulnerable to DoS via Image Optimizer remotePatterns configuration',
359 silly audit report       severity: 'moderate',
359 silly audit report       vulnerable_versions: '>=10.0.0 <15.5.10',
359 silly audit report       cwe: [Array],
359 silly audit report       cvss: [Object]
359 silly audit report     },
359 silly audit report     {
359 silly audit report       id: 1112650,
359 silly audit report       url: 'https://github.com/advisories/GHSA-h25m-26qc-wcjf',
359 silly audit report       title: 'Next.js HTTP request deserialization can lead to DoS when using insecure React Server Components',
359 silly audit report       severity: 'high',
359 silly audit report       vulnerable_versions: '>=15.3.0-canary.0 <15.3.9',
359 silly audit report       cwe: [Array],
359 silly audit report       cvss: [Object]
359 silly audit report     },
359 silly audit report     {
359 silly audit report       id: 1114897,
359 silly audit report       url: 'https://github.com/advisories/GHSA-ggv3-7p47-pfv8',
359 silly audit report       title: 'Next.js: HTTP request smuggling in rewrites',
359 silly audit report       severity: 'moderate',
359 silly audit report       vulnerable_versions: '>=9.5.0 <15.5.13',
359 silly audit report       cwe: [Array],
359 silly audit report       cvss: [Object]
359 silly audit report     },
359 silly audit report     {
359 silly audit report       id: 1114940,
359 silly audit report       url: 'https://github.com/advisories/GHSA-3x4c-7xq6-9pq8',
359 silly audit report       title: 'Next.js: Unbounded next/image disk cache growth can exhaust storage',
359 silly audit report       severity: 'moderate',
359 silly audit report       vulnerable_versions: '>=10.0.0 <15.5.14',
359 silly audit report       cwe: [Array],
359 silly audit report       cvss: [Object]
359 silly audit report     }
359 silly audit report   ]
359 silly audit report }
360 silly packumentCache corgi:https://registry.npmjs.org/brace-expansion cache-miss
361 silly packumentCache corgi:https://registry.npmjs.org/minimatch cache-miss
362 silly packumentCache corgi:https://registry.npmjs.org/ajv cache-miss
363 silly packumentCache corgi:https://registry.npmjs.org/flatted cache-miss
364 silly packumentCache corgi:https://registry.npmjs.org/nodemailer cache-miss
365 silly packumentCache corgi:https://registry.npmjs.org/picomatch cache-miss
366 silly packumentCache corgi:https://registry.npmjs.org/next cache-miss
367 http fetch GET 200 https://registry.npmjs.org/brace-expansion 553ms (cache revalidated)
368 silly packumentCache corgi:https://registry.npmjs.org/brace-expansion set size:21298 disposed:false
369 http fetch GET 200 https://registry.npmjs.org/minimatch 556ms (cache revalidated)
370 silly packumentCache corgi:https://registry.npmjs.org/minimatch set size:168441 disposed:false
371 http fetch GET 200 https://registry.npmjs.org/picomatch 557ms (cache revalidated)
372 silly packumentCache corgi:https://registry.npmjs.org/picomatch set size:44414 disposed:false
373 http fetch GET 200 https://registry.npmjs.org/flatted 560ms (cache revalidated)
374 silly packumentCache corgi:https://registry.npmjs.org/flatted set size:57858 disposed:false
375 http fetch GET 200 https://registry.npmjs.org/ajv 563ms (cache revalidated)
376 silly packumentCache corgi:https://registry.npmjs.org/ajv set size:464537 disposed:false
377 http fetch GET 200 https://registry.npmjs.org/nodemailer 591ms (cache revalidated)
378 silly packumentCache corgi:https://registry.npmjs.org/nodemailer set size:308747 disposed:false
379 http fetch GET 200 https://registry.npmjs.org/next 725ms (cache revalidated)
380 silly packumentCache corgi:https://registry.npmjs.org/next set size:24546445 disposed:false
381 silly packumentCache corgi:https://registry.npmjs.org/@eslint%2fconfig-array cache-miss
382 silly packumentCache corgi:https://registry.npmjs.org/@eslint%2feslintrc cache-miss
383 silly packumentCache corgi:https://registry.npmjs.org/eslint cache-miss
384 silly packumentCache corgi:https://registry.npmjs.org/eslint-plugin-import cache-miss
385 silly packumentCache corgi:https://registry.npmjs.org/eslint-plugin-jsx-a11y cache-miss
386 silly packumentCache corgi:https://registry.npmjs.org/eslint-plugin-react cache-miss
387 http fetch GET 200 https://registry.npmjs.org/eslint-plugin-import 200ms (cache revalidated)
388 silly packumentCache corgi:https://registry.npmjs.org/eslint-plugin-import set size:238396 disposed:false
389 http fetch GET 200 https://registry.npmjs.org/eslint 218ms (cache revalidated)
390 silly packumentCache corgi:https://registry.npmjs.org/eslint set size:1148157 disposed:false
391 http fetch GET 200 https://registry.npmjs.org/eslint-plugin-jsx-a11y 311ms (cache revalidated)
392 silly packumentCache corgi:https://registry.npmjs.org/eslint-plugin-jsx-a11y set size:108835 disposed:false
393 http fetch GET 200 https://registry.npmjs.org/@eslint%2feslintrc 531ms (cache revalidated)
394 silly packumentCache corgi:https://registry.npmjs.org/@eslint%2feslintrc set size:83205 disposed:false
395 http fetch GET 200 https://registry.npmjs.org/eslint-plugin-react 537ms (cache revalidated)
396 silly packumentCache corgi:https://registry.npmjs.org/eslint-plugin-react set size:309843 disposed:false
397 http fetch GET 200 https://registry.npmjs.org/@eslint%2fconfig-array 559ms (cache revalidated)
398 silly packumentCache corgi:https://registry.npmjs.org/@eslint%2fconfig-array set size:18116 disposed:false
399 silly packumentCache corgi:https://registry.npmjs.org/flat-cache cache-miss
400 http fetch GET 200 https://registry.npmjs.org/flat-cache 153ms (cache revalidated)
401 silly packumentCache corgi:https://registry.npmjs.org/flat-cache set size:50282 disposed:false
402 silly packumentCache corgi:https://registry.npmjs.org/tinyglobby cache-miss
403 silly packumentCache corgi:https://registry.npmjs.org/fdir cache-miss
404 http fetch GET 200 https://registry.npmjs.org/sharp/-/sharp-0.34.5.tgz 3837ms (cache miss)
405 http fetch GET 200 https://registry.npmjs.org/@next/eslint-plugin-next/-/eslint-plugin-next-15.3.8.tgz 3884ms (cache miss)
406 http fetch GET 200 https://registry.npmjs.org/tinyglobby 121ms (cache revalidated)
407 silly packumentCache corgi:https://registry.npmjs.org/tinyglobby set size:17847 disposed:false
408 http fetch GET 200 https://registry.npmjs.org/fdir 156ms (cache revalidated)
409 silly packumentCache corgi:https://registry.npmjs.org/fdir set size:76905 disposed:false
410 http fetch GET 200 https://registry.npmjs.org/@img/sharp-win32-x64/-/sharp-win32-x64-0.34.5.tgz 5622ms (cache miss)
411 http fetch GET 200 https://registry.npmjs.org/@next/swc-win32-x64-msvc/-/swc-win32-x64-msvc-15.3.5.tgz 10891ms (cache miss)
412 http fetch GET 200 https://registry.npmjs.org/next/-/next-15.3.8.tgz 150394ms (cache miss)
413 info run sharp@0.34.5 install node_modules/sharp node install/check.js || npm run build
414 info run sharp@0.34.5 install { code: 0, signal: null }
415 warn cleanup Failed to remove some directories [
415 warn cleanup   [
415 warn cleanup     'D:\\New folder\\SPDATA\\frontend\\node_modules\\@next\\.swc-win32-x64-msvc-Fe4QRvaD',
415 warn cleanup     [Error: EPERM: operation not permitted, unlink 'D:\New folder\SPDATA\frontend\node_modules\@next\.swc-win32-x64-msvc-Fe4QRvaD\next-swc.win32-x64-msvc.node'] {
415 warn cleanup       errno: -4048,
415 warn cleanup       code: 'EPERM',
415 warn cleanup       syscall: 'unlink',
415 warn cleanup       path: 'D:\\New folder\\SPDATA\\frontend\\node_modules\\@next\\.swc-win32-x64-msvc-Fe4QRvaD\\next-swc.win32-x64-msvc.node'
415 warn cleanup     }
415 warn cleanup   ]
415 warn cleanup ]
416 silly ADD node_modules/@img/colour
417 silly REMOVE node_modules/simple-swizzle
418 silly CHANGE node_modules/sharp
419 silly CHANGE node_modules/next
420 silly REMOVE node_modules/is-arrayish
421 silly CHANGE node_modules/eslint-config-next
422 silly REMOVE node_modules/color-string
423 silly REMOVE node_modules/color
424 silly CHANGE node_modules/@next/swc-win32-x64-msvc
425 silly CHANGE node_modules/@next/eslint-plugin-next
426 silly CHANGE node_modules/@next/env
427 silly CHANGE node_modules/@img/sharp-win32-x64
428 verbose cwd D:\New folder\SPDATA\frontend
429 verbose os Windows_NT 10.0.19045
430 verbose node v24.12.0
431 verbose npm  v11.6.2
432 verbose exit 0
433 info ok
