0 verbose cli C:\Program Files\nodejs\node.exe C:\Program Files\nodejs\node_modules\npm\bin\npm-cli.js
1 info using npm@11.6.2
2 info using node@v24.12.0
3 silly config load:file:C:\Program Files\nodejs\node_modules\npm\npmrc
4 silly config load:file:D:\New folder\SPDATA\frontend\.npmrc
5 silly config load:file:C:\Users\admin\.npmrc
6 silly config load:file:C:\Users\admin\AppData\Roaming\npm\etc\npmrc
7 verbose title npm install lucide-react
8 verbose argv "install" "lucide-react"
9 verbose logfile logs-max:10 dir:D:\New folder\SPDATA\frontend\npm-cache\_logs\2026-04-08T05_38_02_299Z-
10 verbose logfile D:\New folder\SPDATA\frontend\npm-cache\_logs\2026-04-08T05_38_02_299Z-debug-0.log
11 silly logfile start cleaning logs, removing 2 files
12 silly packumentCache heap:2348810240 maxSize:587202560 maxEntrySize:293601280
13 silly logfile error removing log file D:\New folder\SPDATA\frontend\npm-cache\_logs\2026-04-06T09_39_39_618Z-debug-0.log [Error: EPERM: operation not permitted, unlink 'D:\New folder\SPDATA\frontend\npm-cache\_logs\2026-04-06T09_39_39_618Z-debug-0.log'] {
13 silly logfile   errno: -4048,
13 silly logfile   code: 'EPERM',
13 silly logfile   syscall: 'unlink',
13 silly logfile   path: 'D:\\New folder\\SPDATA\\frontend\\npm-cache\\_logs\\2026-04-06T09_39_39_618Z-debug-0.log'
13 silly logfile }
14 silly logfile error removing log file D:\New folder\SPDATA\frontend\npm-cache\_logs\2026-04-06T09_43_30_295Z-debug-0.log [Error: EPERM: operation not permitted, unlink 'D:\New folder\SPDATA\frontend\npm-cache\_logs\2026-04-06T09_43_30_295Z-debug-0.log'] {
14 silly logfile   errno: -4048,
14 silly logfile   code: 'EPERM',
14 silly logfile   syscall: 'unlink',
14 silly logfile   path: 'D:\\New folder\\SPDATA\\frontend\\npm-cache\\_logs\\2026-04-06T09_43_30_295Z-debug-0.log'
14 silly logfile }
15 silly logfile done cleaning log files
16 silly idealTree buildDeps
17 silly fetch manifest lucide-react@*
18 silly packumentCache full:https://registry.npmjs.org/lucide-react cache-miss
19 silly placeDep ROOT lucide-react@ OK for: frontend@0.1.0 want: *
20 verbose stack Error: request to https://registry.npmjs.org/lucide-react failed: cache mode is 'only-if-cached' but no cached response is available.
20 verbose stack     at cacheFetch (C:\Program Files\nodejs\node_modules\npm\node_modules\make-fetch-happen\lib\cache\index.js:12:13)
20 verbose stack     at async fetch (C:\Program Files\nodejs\node_modules\npm\node_modules\make-fetch-happen\lib\fetch.js:98:7)
20 verbose stack     at async RegistryFetcher.packument (C:\Program Files\nodejs\node_modules\npm\node_modules\pacote\lib\registry.js:90:19)
20 verbose stack     at async RegistryFetcher.manifest (C:\Program Files\nodejs\node_modules\npm\node_modules\pacote\lib\registry.js:128:23)
20 verbose stack     at async #fetchManifest (C:\Program Files\nodejs\node_modules\npm\node_modules\@npmcli\arborist\lib\arborist\build-ideal-tree.js:1227:20)
20 verbose stack     at async #nodeFromEdge (C:\Program Files\nodejs\node_modules\npm\node_modules\@npmcli\arborist\lib\arborist\build-ideal-tree.js:1065:19)
20 verbose stack     at async #buildDepStep (C:\Program Files\nodejs\node_modules\npm\node_modules\@npmcli\arborist\lib\arborist\build-ideal-tree.js:929:11)
20 verbose stack     at async Arborist.buildIdealTree (C:\Program Files\nodejs\node_modules\npm\node_modules\@npmcli\arborist\lib\arborist\build-ideal-tree.js:182:7)
20 verbose stack     at async Promise.all (index 1)
20 verbose stack     at async Arborist.reify (C:\Program Files\nodejs\node_modules\npm\node_modules\@npmcli\arborist\lib\arborist\reify.js:114:5)
21 error code ENOTCACHED
22 error request to https://registry.npmjs.org/lucide-react failed: cache mode is 'only-if-cached' but no cached response is available.
23 silly unfinished npm timer reify 1775626684048
24 silly unfinished npm timer reify:loadTrees 1775626684050
25 verbose cwd D:\New folder\SPDATA\frontend
26 verbose os Windows_NT 10.0.19045
27 verbose node v24.12.0
28 verbose npm  v11.6.2
29 verbose exit 1
30 verbose code 1
31 error A complete log of this run can be found in: D:\New folder\SPDATA\frontend\npm-cache\_logs\2026-04-08T05_38_02_299Z-debug-0.log
