0 verbose cli C:\Program Files\nodejs\node.exe C:\Program Files\nodejs\node_modules\npm\bin\npm-cli.js
1 info using npm@11.6.2
2 info using node@v24.12.0
3 silly config load:file:C:\Program Files\nodejs\node_modules\npm\npmrc
4 silly config load:file:D:\New folder\SPDATA\frontend\.npmrc
5 silly config load:file:C:\Users\admin\.npmrc
6 silly config load:file:C:\Users\admin\AppData\Roaming\npm\etc\npmrc
7 verbose title npm install next@15.3.8 eslint-config-next@15.3.8
8 verbose argv "install" "next@15.3.8" "eslint-config-next@15.3.8" "--save-exact"
9 verbose logfile logs-max:10 dir:D:\New folder\SPDATA\frontend\npm-cache\_logs\2026-04-06T09_39_20_865Z-
10 verbose logfile D:\New folder\SPDATA\frontend\npm-cache\_logs\2026-04-06T09_39_20_865Z-debug-0.log
11 silly logfile start cleaning logs, removing 5 files
12 silly packumentCache heap:2348810240 maxSize:587202560 maxEntrySize:293601280
13 silly logfile error removing log file D:\New folder\SPDATA\frontend\npm-cache\_logs\2026-04-06T08_26_48_843Z-debug-0.log [Error: EPERM: operation not permitted, unlink 'D:\New folder\SPDATA\frontend\npm-cache\_logs\2026-04-06T08_26_48_843Z-debug-0.log'] {
13 silly logfile   errno: -4048,
13 silly logfile   code: 'EPERM',
13 silly logfile   syscall: 'unlink',
13 silly logfile   path: 'D:\\New folder\\SPDATA\\frontend\\npm-cache\\_logs\\2026-04-06T08_26_48_843Z-debug-0.log'
13 silly logfile }
14 silly logfile error removing log file D:\New folder\SPDATA\frontend\npm-cache\_logs\2026-04-06T08_27_47_920Z-debug-0.log [Error: EPERM: operation not permitted, unlink 'D:\New folder\SPDATA\frontend\npm-cache\_logs\2026-04-06T08_27_47_920Z-debug-0.log'] {
14 silly logfile   errno: -4048,
14 silly logfile   code: 'EPERM',
14 silly logfile   syscall: 'unlink',
14 silly logfile   path: 'D:\\New folder\\SPDATA\\frontend\\npm-cache\\_logs\\2026-04-06T08_27_47_920Z-debug-0.log'
14 silly logfile }
15 silly idealTree buildDeps
16 silly fetch manifest next@15.3.8
17 silly packumentCache full:https://registry.npmjs.org/next cache-miss
18 silly logfile error removing log file D:\New folder\SPDATA\frontend\npm-cache\_logs\2026-04-06T08_34_17_355Z-debug-0.log [Error: EPERM: operation not permitted, unlink 'D:\New folder\SPDATA\frontend\npm-cache\_logs\2026-04-06T08_34_17_355Z-debug-0.log'] {
18 silly logfile   errno: -4048,
18 silly logfile   code: 'EPERM',
18 silly logfile   syscall: 'unlink',
18 silly logfile   path: 'D:\\New folder\\SPDATA\\frontend\\npm-cache\\_logs\\2026-04-06T08_34_17_355Z-debug-0.log'
18 silly logfile }
19 silly logfile error removing log file D:\New folder\SPDATA\frontend\npm-cache\_logs\2026-04-06T08_51_38_727Z-debug-0.log [Error: EPERM: operation not permitted, unlink 'D:\New folder\SPDATA\frontend\npm-cache\_logs\2026-04-06T08_51_38_727Z-debug-0.log'] {
19 silly logfile   errno: -4048,
19 silly logfile   code: 'EPERM',
19 silly logfile   syscall: 'unlink',
19 silly logfile   path: 'D:\\New folder\\SPDATA\\frontend\\npm-cache\\_logs\\2026-04-06T08_51_38_727Z-debug-0.log'
19 silly logfile }
20 silly logfile error removing log file D:\New folder\SPDATA\frontend\npm-cache\_logs\2026-04-06T08_51_51_474Z-debug-0.log [Error: EPERM: operation not permitted, unlink 'D:\New folder\SPDATA\frontend\npm-cache\_logs\2026-04-06T08_51_51_474Z-debug-0.log'] {
20 silly logfile   errno: -4048,
20 silly logfile   code: 'EPERM',
20 silly logfile   syscall: 'unlink',
20 silly logfile   path: 'D:\\New folder\\SPDATA\\frontend\\npm-cache\\_logs\\2026-04-06T08_51_51_474Z-debug-0.log'
20 silly logfile }
21 silly logfile done cleaning log files
22 silly fetch manifest eslint-config-next@15.3.8
23 silly packumentCache full:https://registry.npmjs.org/eslint-config-next cache-miss
24 silly placeDep ROOT eslint-config-next@ REPLACE for: frontend@0.1.0 want: 15.3.8
25 silly placeDep ROOT next@ REPLACE for: frontend@0.1.0 want: 15.3.8
26 verbose stack Error: request to https://registry.npmjs.org/eslint-config-next failed: cache mode is 'only-if-cached' but no cached response is available.
26 verbose stack     at cacheFetch (C:\Program Files\nodejs\node_modules\npm\node_modules\make-fetch-happen\lib\cache\index.js:12:13)
26 verbose stack     at async fetch (C:\Program Files\nodejs\node_modules\npm\node_modules\make-fetch-happen\lib\fetch.js:98:7)
26 verbose stack     at async RegistryFetcher.packument (C:\Program Files\nodejs\node_modules\npm\node_modules\pacote\lib\registry.js:90:19)
26 verbose stack     at async RegistryFetcher.manifest (C:\Program Files\nodejs\node_modules\npm\node_modules\pacote\lib\registry.js:128:23)
26 verbose stack     at async #fetchManifest (C:\Program Files\nodejs\node_modules\npm\node_modules\@npmcli\arborist\lib\arborist\build-ideal-tree.js:1227:20)
26 verbose stack     at async #nodeFromEdge (C:\Program Files\nodejs\node_modules\npm\node_modules\@npmcli\arborist\lib\arborist\build-ideal-tree.js:1065:19)
26 verbose stack     at async #buildDepStep (C:\Program Files\nodejs\node_modules\npm\node_modules\@npmcli\arborist\lib\arborist\build-ideal-tree.js:929:11)
26 verbose stack     at async Arborist.buildIdealTree (C:\Program Files\nodejs\node_modules\npm\node_modules\@npmcli\arborist\lib\arborist\build-ideal-tree.js:182:7)
26 verbose stack     at async Promise.all (index 1)
26 verbose stack     at async Arborist.reify (C:\Program Files\nodejs\node_modules\npm\node_modules\@npmcli\arborist\lib\arborist\reify.js:114:5)
27 error code ENOTCACHED
28 error request to https://registry.npmjs.org/eslint-config-next failed: cache mode is 'only-if-cached' but no cached response is available.
29 silly unfinished npm timer reify 1775468362563
30 silly unfinished npm timer reify:loadTrees 1775468362564
31 verbose cwd D:\New folder\SPDATA\frontend
32 verbose os Windows_NT 10.0.19045
33 verbose node v24.12.0
34 verbose npm  v11.6.2
35 verbose exit 1
36 verbose code 1
37 error A complete log of this run can be found in: D:\New folder\SPDATA\frontend\npm-cache\_logs\2026-04-06T09_39_20_865Z-debug-0.log
